{"F:\\WEB\\cool\\examples\\utils\\jsCool.js": {"path":"F:\\WEB\\cool\\examples\\utils\\jsCool.js","statementMap":{"0":{"start":{"line":5,"column":2},"end":{"line":10,"column":3}},"1":{"start":{"line":6,"column":4},"end":{"line":8,"column":5}},"2":{"start":{"line":7,"column":6},"end":{"line":7,"column":44}},"3":{"start":{"line":9,"column":4},"end":{"line":9,"column":14}},"4":{"start":{"line":15,"column":2},"end":{"line":15,"column":23}},"5":{"start":{"line":15,"column":12},"end":{"line":15,"column":23}},"6":{"start":{"line":16,"column":17},"end":{"line":16,"column":27}},"7":{"start":{"line":17,"column":15},"end":{"line":17,"column":32}},"8":{"start":{"line":18,"column":14},"end":{"line":18,"column":17}},"9":{"start":{"line":19,"column":2},"end":{"line":19,"column":36}},"10":{"start":{"line":24,"column":2},"end":{"line":24,"column":52}},"11":{"start":{"line":26,"column":2},"end":{"line":34,"column":5}},"12":{"start":{"line":27,"column":4},"end":{"line":33,"column":5}},"13":{"start":{"line":28,"column":6},"end":{"line":28,"column":15}},"14":{"start":{"line":29,"column":11},"end":{"line":33,"column":5}},"15":{"start":{"line":30,"column":6},"end":{"line":30,"column":16}},"16":{"start":{"line":32,"column":6},"end":{"line":32,"column":15}},"17":{"start":{"line":39,"column":11},"end":{"line":39,"column":21}},"18":{"start":{"line":40,"column":2},"end":{"line":50,"column":3}},"19":{"start":{"line":41,"column":4},"end":{"line":47,"column":5}},"20":{"start":{"line":42,"column":6},"end":{"line":42,"column":20}},"21":{"start":{"line":43,"column":11},"end":{"line":47,"column":5}},"22":{"start":{"line":44,"column":6},"end":{"line":44,"column":21}},"23":{"start":{"line":46,"column":6},"end":{"line":46,"column":20}},"24":{"start":{"line":49,"column":4},"end":{"line":49,"column":14}},"25":{"start":{"line":55,"column":14},"end":{"line":55,"column":16}},"26":{"start":{"line":56,"column":2},"end":{"line":62,"column":5}},"27":{"start":{"line":57,"column":4},"end":{"line":61,"column":5}},"28":{"start":{"line":58,"column":6},"end":{"line":58,"column":32}},"29":{"start":{"line":60,"column":6},"end":{"line":60,"column":22}},"30":{"start":{"line":63,"column":2},"end":{"line":63,"column":15}},"31":{"start":{"line":68,"column":12},"end":{"line":68,"column":14}},"32":{"start":{"line":69,"column":2},"end":{"line":77,"column":3}},"33":{"start":{"line":70,"column":4},"end":{"line":76,"column":5}},"34":{"start":{"line":71,"column":6},"end":{"line":71,"column":19}},"35":{"start":{"line":72,"column":11},"end":{"line":76,"column":5}},"36":{"start":{"line":73,"column":6},"end":{"line":73,"column":19}},"37":{"start":{"line":75,"column":6},"end":{"line":75,"column":20}},"38":{"start":{"line":78,"column":2},"end":{"line":78,"column":13}},"39":{"start":{"line":83,"column":13},"end":{"line":83,"column":23}},"40":{"start":{"line":84,"column":15},"end":{"line":84,"column":24}},"41":{"start":{"line":85,"column":15},"end":{"line":85,"column":23}},"42":{"start":{"line":87,"column":2},"end":{"line":89,"column":3}},"43":{"start":{"line":88,"column":4},"end":{"line":88,"column":20}},"44":{"start":{"line":90,"column":2},"end":{"line":90,"column":14}},"45":{"start":{"line":97,"column":2},"end":{"line":97,"column":39}},"46":{"start":{"line":98,"column":13},"end":{"line":98,"column":37}},"47":{"start":{"line":100,"column":2},"end":{"line":104,"column":3}},"48":{"start":{"line":101,"column":4},"end":{"line":103,"column":5}},"49":{"start":{"line":102,"column":6},"end":{"line":102,"column":32}},"50":{"start":{"line":106,"column":2},"end":{"line":110,"column":3}},"51":{"start":{"line":107,"column":4},"end":{"line":109,"column":5}},"52":{"start":{"line":108,"column":6},"end":{"line":108,"column":32}},"53":{"start":{"line":112,"column":2},"end":{"line":112,"column":14}},"54":{"start":{"line":122,"column":2},"end":{"line":122,"column":25}},"55":{"start":{"line":123,"column":2},"end":{"line":123,"column":29}},"56":{"start":{"line":125,"column":2},"end":{"line":125,"column":17}},"57":{"start":{"line":126,"column":2},"end":{"line":126,"column":18}},"58":{"start":{"line":128,"column":2},"end":{"line":128,"column":28}},"59":{"start":{"line":129,"column":2},"end":{"line":129,"column":27}},"60":{"start":{"line":137,"column":2},"end":{"line":137,"column":22}},"61":{"start":{"line":138,"column":2},"end":{"line":138,"column":21}},"62":{"start":{"line":139,"column":2},"end":{"line":139,"column":37}},"63":{"start":{"line":141,"column":0},"end":{"line":234,"column":2}},"64":{"start":{"line":147,"column":17},"end":{"line":147,"column":38}},"65":{"start":{"line":149,"column":23},"end":{"line":151,"column":5}},"66":{"start":{"line":150,"column":6},"end":{"line":150,"column":46}},"67":{"start":{"line":153,"column":4},"end":{"line":160,"column":7}},"68":{"start":{"line":162,"column":4},"end":{"line":175,"column":5}},"69":{"start":{"line":163,"column":20},"end":{"line":163,"column":33}},"70":{"start":{"line":165,"column":6},"end":{"line":165,"column":55}},"71":{"start":{"line":167,"column":6},"end":{"line":168,"column":43}},"72":{"start":{"line":170,"column":6},"end":{"line":174,"column":7}},"73":{"start":{"line":171,"column":8},"end":{"line":171,"column":61}},"74":{"start":{"line":173,"column":8},"end":{"line":173,"column":61}},"75":{"start":{"line":177,"column":4},"end":{"line":184,"column":5}},"76":{"start":{"line":179,"column":20},"end":{"line":179,"column":38}},"77":{"start":{"line":180,"column":6},"end":{"line":180,"column":55}},"78":{"start":{"line":183,"column":6},"end":{"line":183,"column":55}},"79":{"start":{"line":186,"column":4},"end":{"line":193,"column":5}},"80":{"start":{"line":188,"column":20},"end":{"line":188,"column":39}},"81":{"start":{"line":189,"column":6},"end":{"line":189,"column":55}},"82":{"start":{"line":192,"column":6},"end":{"line":192,"column":55}},"83":{"start":{"line":196,"column":4},"end":{"line":196,"column":24}},"84":{"start":{"line":198,"column":4},"end":{"line":198,"column":33}},"85":{"start":{"line":202,"column":4},"end":{"line":206,"column":7}},"86":{"start":{"line":203,"column":6},"end":{"line":205,"column":7}},"87":{"start":{"line":204,"column":8},"end":{"line":204,"column":30}},"88":{"start":{"line":210,"column":4},"end":{"line":210,"column":62}},"89":{"start":{"line":211,"column":19},"end":{"line":211,"column":43}},"90":{"start":{"line":212,"column":23},"end":{"line":212,"column":39}},"91":{"start":{"line":215,"column":4},"end":{"line":219,"column":5}},"92":{"start":{"line":216,"column":6},"end":{"line":216,"column":55}},"93":{"start":{"line":217,"column":6},"end":{"line":217,"column":72}},"94":{"start":{"line":218,"column":6},"end":{"line":218,"column":36}},"95":{"start":{"line":220,"column":4},"end":{"line":224,"column":5}},"96":{"start":{"line":221,"column":6},"end":{"line":221,"column":55}},"97":{"start":{"line":222,"column":6},"end":{"line":222,"column":72}},"98":{"start":{"line":223,"column":6},"end":{"line":223,"column":36}},"99":{"start":{"line":228,"column":4},"end":{"line":228,"column":30}},"100":{"start":{"line":232,"column":4},"end":{"line":232,"column":30}},"101":{"start":{"line":239,"column":2},"end":{"line":239,"column":27}},"102":{"start":{"line":241,"column":0},"end":{"line":308,"column":2}},"103":{"start":{"line":252,"column":4},"end":{"line":252,"column":36}},"104":{"start":{"line":255,"column":19},"end":{"line":255,"column":45}},"105":{"start":{"line":256,"column":4},"end":{"line":256,"column":24}},"106":{"start":{"line":258,"column":17},"end":{"line":258,"column":44}},"107":{"start":{"line":260,"column":4},"end":{"line":260,"column":72}},"108":{"start":{"line":261,"column":4},"end":{"line":261,"column":41}},"109":{"start":{"line":262,"column":4},"end":{"line":262,"column":42}},"110":{"start":{"line":264,"column":4},"end":{"line":264,"column":38}},"111":{"start":{"line":265,"column":4},"end":{"line":265,"column":38}},"112":{"start":{"line":269,"column":4},"end":{"line":274,"column":7}},"113":{"start":{"line":270,"column":6},"end":{"line":273,"column":7}},"114":{"start":{"line":271,"column":8},"end":{"line":271,"column":36}},"115":{"start":{"line":272,"column":8},"end":{"line":272,"column":40}},"116":{"start":{"line":278,"column":4},"end":{"line":278,"column":24}},"117":{"start":{"line":279,"column":4},"end":{"line":279,"column":24}},"118":{"start":{"line":282,"column":4},"end":{"line":289,"column":5}},"119":{"start":{"line":283,"column":6},"end":{"line":283,"column":37}},"120":{"start":{"line":284,"column":6},"end":{"line":284,"column":18}},"121":{"start":{"line":286,"column":6},"end":{"line":286,"column":34}},"122":{"start":{"line":288,"column":6},"end":{"line":288,"column":20}},"123":{"start":{"line":293,"column":16},"end":{"line":293,"column":29}},"124":{"start":{"line":294,"column":4},"end":{"line":296,"column":7}},"125":{"start":{"line":295,"column":6},"end":{"line":295,"column":23}},"126":{"start":{"line":298,"column":4},"end":{"line":298,"column":28}},"127":{"start":{"line":300,"column":4},"end":{"line":300,"column":39}},"128":{"start":{"line":301,"column":4},"end":{"line":301,"column":38}},"129":{"start":{"line":303,"column":4},"end":{"line":303,"column":34}},"130":{"start":{"line":306,"column":4},"end":{"line":306,"column":62}},"131":{"start":{"line":312,"column":16},"end":{"line":331,"column":3}},"132":{"start":{"line":314,"column":14},"end":{"line":314,"column":33}},"133":{"start":{"line":315,"column":14},"end":{"line":315,"column":34}},"134":{"start":{"line":316,"column":6},"end":{"line":328,"column":8}},"135":{"start":{"line":333,"column":18},"end":{"line":337,"column":3}},"136":{"start":{"line":338,"column":2},"end":{"line":365,"column":3}},"137":{"start":{"line":340,"column":4},"end":{"line":340,"column":30}},"138":{"start":{"line":341,"column":13},"end":{"line":341,"column":46}},"139":{"start":{"line":342,"column":4},"end":{"line":345,"column":5}},"140":{"start":{"line":344,"column":6},"end":{"line":344,"column":30}},"141":{"start":{"line":346,"column":4},"end":{"line":349,"column":5}},"142":{"start":{"line":348,"column":6},"end":{"line":348,"column":30}},"143":{"start":{"line":350,"column":4},"end":{"line":353,"column":5}},"144":{"start":{"line":352,"column":6},"end":{"line":352,"column":30}},"145":{"start":{"line":354,"column":4},"end":{"line":357,"column":5}},"146":{"start":{"line":356,"column":6},"end":{"line":356,"column":32}},"147":{"start":{"line":358,"column":4},"end":{"line":361,"column":5}},"148":{"start":{"line":360,"column":6},"end":{"line":360,"column":33}},"149":{"start":{"line":364,"column":4},"end":{"line":364,"column":29}},"150":{"start":{"line":366,"column":2},"end":{"line":366,"column":19}},"151":{"start":{"line":371,"column":2},"end":{"line":371,"column":26}},"152":{"start":{"line":373,"column":0},"end":{"line":388,"column":2}},"153":{"start":{"line":382,"column":15},"end":{"line":382,"column":17}},"154":{"start":{"line":383,"column":4},"end":{"line":385,"column":7}},"155":{"start":{"line":384,"column":6},"end":{"line":384,"column":24}},"156":{"start":{"line":386,"column":4},"end":{"line":386,"column":16}},"157":{"start":{"line":392,"column":15},"end":{"line":392,"column":30}},"158":{"start":{"line":393,"column":2},"end":{"line":393,"column":14}},"159":{"start":{"line":398,"column":12},"end":{"line":398,"column":21}},"160":{"start":{"line":399,"column":14},"end":{"line":399,"column":18}},"161":{"start":{"line":400,"column":16},"end":{"line":400,"column":24}},"162":{"start":{"line":401,"column":19},"end":{"line":401,"column":31}},"163":{"start":{"line":403,"column":11},"end":{"line":403,"column":22}},"164":{"start":{"line":405,"column":2},"end":{"line":405,"column":50}},"165":{"start":{"line":408,"column":17},"end":{"line":408,"column":24}},"166":{"start":{"line":409,"column":2},"end":{"line":409,"column":18}},"167":{"start":{"line":411,"column":16},"end":{"line":411,"column":18}},"168":{"start":{"line":412,"column":9},"end":{"line":412,"column":10}},"169":{"start":{"line":413,"column":2},"end":{"line":416,"column":3}},"170":{"start":{"line":414,"column":4},"end":{"line":414,"column":21}},"171":{"start":{"line":415,"column":4},"end":{"line":415,"column":9}},"172":{"start":{"line":418,"column":19},"end":{"line":418,"column":21}},"173":{"start":{"line":419,"column":18},"end":{"line":419,"column":46}},"174":{"start":{"line":421,"column":2},"end":{"line":421,"column":65}},"175":{"start":{"line":424,"column":2},"end":{"line":432,"column":3}},"176":{"start":{"line":425,"column":4},"end":{"line":431,"column":5}},"177":{"start":{"line":426,"column":17},"end":{"line":426,"column":67}},"178":{"start":{"line":427,"column":6},"end":{"line":427,"column":46}},"179":{"start":{"line":429,"column":17},"end":{"line":429,"column":57}},"180":{"start":{"line":430,"column":6},"end":{"line":430,"column":36}},"181":{"start":{"line":435,"column":13},"end":{"line":435,"column":15}},"182":{"start":{"line":436,"column":13},"end":{"line":436,"column":32}},"183":{"start":{"line":437,"column":2},"end":{"line":440,"column":5}},"184":{"start":{"line":438,"column":18},"end":{"line":438,"column":38}},"185":{"start":{"line":439,"column":4},"end":{"line":439,"column":27}},"186":{"start":{"line":442,"column":2},"end":{"line":442,"column":14}},"187":{"start":{"line":447,"column":14},"end":{"line":447,"column":42}},"188":{"start":{"line":448,"column":14},"end":{"line":448,"column":26}},"189":{"start":{"line":450,"column":14},"end":{"line":450,"column":42}},"190":{"start":{"line":451,"column":14},"end":{"line":451,"column":26}},"191":{"start":{"line":453,"column":16},"end":{"line":453,"column":30}},"192":{"start":{"line":455,"column":18},"end":{"line":455,"column":20}},"193":{"start":{"line":457,"column":2},"end":{"line":469,"column":5}},"194":{"start":{"line":458,"column":4},"end":{"line":458,"column":27}},"195":{"start":{"line":459,"column":4},"end":{"line":468,"column":5}},"196":{"start":{"line":460,"column":6},"end":{"line":460,"column":29}},"197":{"start":{"line":461,"column":6},"end":{"line":461,"column":39}},"198":{"start":{"line":462,"column":11},"end":{"line":468,"column":5}},"199":{"start":{"line":463,"column":6},"end":{"line":463,"column":29}},"200":{"start":{"line":464,"column":6},"end":{"line":464,"column":39}},"201":{"start":{"line":467,"column":6},"end":{"line":467,"column":26}},"202":{"start":{"line":471,"column":2},"end":{"line":471,"column":28}},"203":{"start":{"line":483,"column":22},"end":{"line":492,"column":3}},"204":{"start":{"line":494,"column":2},"end":{"line":494,"column":39}},"205":{"start":{"line":496,"column":2},"end":{"line":499,"column":4}},"206":{"start":{"line":502,"column":0},"end":{"line":546,"column":2}},"207":{"start":{"line":511,"column":4},"end":{"line":511,"column":63}},"208":{"start":{"line":511,"column":37},"end":{"line":511,"column":63}},"209":{"start":{"line":513,"column":14},"end":{"line":513,"column":43}},"210":{"start":{"line":514,"column":4},"end":{"line":514,"column":125}},"211":{"start":{"line":515,"column":4},"end":{"line":515,"column":29}},"212":{"start":{"line":517,"column":4},"end":{"line":517,"column":15}},"213":{"start":{"line":521,"column":12},"end":{"line":521,"column":28}},"214":{"start":{"line":522,"column":4},"end":{"line":522,"column":36}},"215":{"start":{"line":522,"column":19},"end":{"line":522,"column":36}},"216":{"start":{"line":524,"column":4},"end":{"line":524,"column":54}},"217":{"start":{"line":525,"column":4},"end":{"line":525,"column":21}},"218":{"start":{"line":529,"column":12},"end":{"line":529,"column":46}},"219":{"start":{"line":531,"column":4},"end":{"line":531,"column":41}},"220":{"start":{"line":531,"column":29},"end":{"line":531,"column":41}},"221":{"start":{"line":532,"column":4},"end":{"line":532,"column":29}},"222":{"start":{"line":532,"column":20},"end":{"line":532,"column":29}},"223":{"start":{"line":534,"column":14},"end":{"line":534,"column":67}},"224":{"start":{"line":535,"column":4},"end":{"line":535,"column":15}},"225":{"start":{"line":536,"column":4},"end":{"line":536,"column":18}},"226":{"start":{"line":540,"column":18},"end":{"line":540,"column":59}},"227":{"start":{"line":542,"column":4},"end":{"line":542,"column":54}},"228":{"start":{"line":552,"column":13},"end":{"line":552,"column":26}},"229":{"start":{"line":553,"column":23},"end":{"line":559,"column":3}},"230":{"start":{"line":561,"column":2},"end":{"line":561,"column":21}},"231":{"start":{"line":563,"column":2},"end":{"line":563,"column":23}},"232":{"start":{"line":565,"column":2},"end":{"line":565,"column":38}},"233":{"start":{"line":566,"column":2},"end":{"line":566,"column":33}},"234":{"start":{"line":567,"column":2},"end":{"line":567,"column":31}},"235":{"start":{"line":569,"column":2},"end":{"line":569,"column":22}},"236":{"start":{"line":572,"column":0},"end":{"line":685,"column":2}},"237":{"start":{"line":575,"column":4},"end":{"line":575,"column":41}},"238":{"start":{"line":575,"column":34},"end":{"line":575,"column":41}},"239":{"start":{"line":577,"column":15},"end":{"line":577,"column":25}},"240":{"start":{"line":578,"column":22},"end":{"line":578,"column":38}},"241":{"start":{"line":579,"column":17},"end":{"line":579,"column":30}},"242":{"start":{"line":580,"column":20},"end":{"line":580,"column":24}},"243":{"start":{"line":582,"column":4},"end":{"line":592,"column":5}},"244":{"start":{"line":584,"column":8},"end":{"line":584,"column":25}},"245":{"start":{"line":585,"column":8},"end":{"line":585,"column":14}},"246":{"start":{"line":587,"column":8},"end":{"line":587,"column":25}},"247":{"start":{"line":588,"column":8},"end":{"line":588,"column":14}},"248":{"start":{"line":590,"column":8},"end":{"line":590,"column":25}},"249":{"start":{"line":591,"column":8},"end":{"line":591,"column":14}},"250":{"start":{"line":596,"column":4},"end":{"line":612,"column":5}},"251":{"start":{"line":597,"column":6},"end":{"line":597,"column":18}},"252":{"start":{"line":598,"column":6},"end":{"line":598,"column":45}},"253":{"start":{"line":599,"column":6},"end":{"line":599,"column":68}},"254":{"start":{"line":601,"column":6},"end":{"line":607,"column":9}},"255":{"start":{"line":609,"column":6},"end":{"line":611,"column":7}},"256":{"start":{"line":610,"column":8},"end":{"line":610,"column":53}},"257":{"start":{"line":616,"column":4},"end":{"line":616,"column":44}},"258":{"start":{"line":616,"column":34},"end":{"line":616,"column":44}},"259":{"start":{"line":617,"column":14},"end":{"line":617,"column":16}},"260":{"start":{"line":618,"column":15},"end":{"line":618,"column":35}},"261":{"start":{"line":620,"column":4},"end":{"line":622,"column":5}},"262":{"start":{"line":621,"column":6},"end":{"line":621,"column":30}},"263":{"start":{"line":623,"column":4},"end":{"line":623,"column":15}},"264":{"start":{"line":626,"column":4},"end":{"line":626,"column":44}},"265":{"start":{"line":626,"column":23},"end":{"line":626,"column":44}},"266":{"start":{"line":628,"column":4},"end":{"line":628,"column":50}},"267":{"start":{"line":629,"column":4},"end":{"line":629,"column":25}},"268":{"start":{"line":633,"column":18},"end":{"line":633,"column":35}},"269":{"start":{"line":634,"column":15},"end":{"line":634,"column":41}},"270":{"start":{"line":635,"column":17},"end":{"line":635,"column":30}},"271":{"start":{"line":639,"column":4},"end":{"line":652,"column":5}},"272":{"start":{"line":640,"column":6},"end":{"line":640,"column":36}},"273":{"start":{"line":641,"column":6},"end":{"line":641,"column":30}},"274":{"start":{"line":642,"column":6},"end":{"line":642,"column":30}},"275":{"start":{"line":644,"column":6},"end":{"line":651,"column":7}},"276":{"start":{"line":645,"column":8},"end":{"line":645,"column":33}},"277":{"start":{"line":648,"column":8},"end":{"line":648,"column":60}},"278":{"start":{"line":649,"column":8},"end":{"line":649,"column":34}},"279":{"start":{"line":650,"column":8},"end":{"line":650,"column":60}},"280":{"start":{"line":654,"column":4},"end":{"line":654,"column":28}},"281":{"start":{"line":657,"column":17},"end":{"line":657,"column":30}},"282":{"start":{"line":658,"column":24},"end":{"line":658,"column":33}},"283":{"start":{"line":659,"column":14},"end":{"line":659,"column":30}},"284":{"start":{"line":661,"column":4},"end":{"line":673,"column":5}},"285":{"start":{"line":661,"column":13},"end":{"line":661,"column":38}},"286":{"start":{"line":663,"column":16},"end":{"line":663,"column":37}},"287":{"start":{"line":666,"column":6},"end":{"line":672,"column":7}},"288":{"start":{"line":667,"column":8},"end":{"line":667,"column":45}},"289":{"start":{"line":669,"column":8},"end":{"line":669,"column":31}},"290":{"start":{"line":671,"column":8},"end":{"line":671,"column":29}},"291":{"start":{"line":692,"column":16},"end":{"line":692,"column":21}},"292":{"start":{"line":693,"column":12},"end":{"line":698,"column":3}},"293":{"start":{"line":700,"column":2},"end":{"line":700,"column":42}},"294":{"start":{"line":703,"column":2},"end":{"line":718,"column":4}},"295":{"start":{"line":704,"column":14},"end":{"line":704,"column":15}},"296":{"start":{"line":705,"column":14},"end":{"line":705,"column":15}},"297":{"start":{"line":706,"column":4},"end":{"line":706,"column":27}},"298":{"start":{"line":710,"column":4},"end":{"line":710,"column":31}},"299":{"start":{"line":711,"column":4},"end":{"line":711,"column":31}},"300":{"start":{"line":714,"column":4},"end":{"line":714,"column":18}},"301":{"start":{"line":715,"column":4},"end":{"line":715,"column":18}},"302":{"start":{"line":717,"column":4},"end":{"line":717,"column":19}},"303":{"start":{"line":721,"column":2},"end":{"line":731,"column":4}},"304":{"start":{"line":722,"column":4},"end":{"line":722,"column":34}},"305":{"start":{"line":722,"column":27},"end":{"line":722,"column":34}},"306":{"start":{"line":724,"column":4},"end":{"line":724,"column":27}},"307":{"start":{"line":725,"column":4},"end":{"line":725,"column":41}},"308":{"start":{"line":725,"column":34},"end":{"line":725,"column":41}},"309":{"start":{"line":727,"column":4},"end":{"line":727,"column":30}},"310":{"start":{"line":728,"column":4},"end":{"line":728,"column":30}},"311":{"start":{"line":730,"column":4},"end":{"line":730,"column":69}},"312":{"start":{"line":733,"column":2},"end":{"line":738,"column":4}},"313":{"start":{"line":734,"column":4},"end":{"line":734,"column":27}},"314":{"start":{"line":735,"column":4},"end":{"line":735,"column":35}},"315":{"start":{"line":736,"column":4},"end":{"line":736,"column":35}},"316":{"start":{"line":737,"column":4},"end":{"line":737,"column":20}},"317":{"start":{"line":740,"column":2},"end":{"line":748,"column":4}},"318":{"start":{"line":741,"column":4},"end":{"line":741,"column":27}},"319":{"start":{"line":743,"column":4},"end":{"line":746,"column":5}},"320":{"start":{"line":744,"column":6},"end":{"line":744,"column":37}},"321":{"start":{"line":745,"column":6},"end":{"line":745,"column":37}},"322":{"start":{"line":747,"column":4},"end":{"line":747,"column":20}},"323":{"start":{"line":758,"column":19},"end":{"line":758,"column":23}},"324":{"start":{"line":760,"column":2},"end":{"line":784,"column":5}},"325":{"start":{"line":762,"column":14},"end":{"line":762,"column":29}},"326":{"start":{"line":764,"column":13},"end":{"line":764,"column":28}},"327":{"start":{"line":766,"column":13},"end":{"line":766,"column":26}},"328":{"start":{"line":768,"column":4},"end":{"line":768,"column":41}},"329":{"start":{"line":768,"column":34},"end":{"line":768,"column":41}},"330":{"start":{"line":770,"column":4},"end":{"line":783,"column":5}},"331":{"start":{"line":771,"column":6},"end":{"line":771,"column":25}},"332":{"start":{"line":773,"column":6},"end":{"line":777,"column":7}},"333":{"start":{"line":774,"column":8},"end":{"line":774,"column":19}},"334":{"start":{"line":776,"column":8},"end":{"line":776,"column":55}},"335":{"start":{"line":780,"column":6},"end":{"line":782,"column":15}},"336":{"start":{"line":781,"column":8},"end":{"line":781,"column":26}}},"fnMap":{"0":{"name":"assert","decl":{"start":{"line":3,"column":9},"end":{"line":3,"column":15}},"loc":{"start":{"line":3,"column":55},"end":{"line":11,"column":1}},"line":3},"1":{"name":"strSelect","decl":{"start":{"line":13,"column":9},"end":{"line":13,"column":18}},"loc":{"start":{"line":13,"column":36},"end":{"line":20,"column":1}},"line":13},"2":{"name":"dictSort","decl":{"start":{"line":22,"column":9},"end":{"line":22,"column":17}},"loc":{"start":{"line":22,"column":28},"end":{"line":35,"column":1}},"line":22},"3":{"name":"(anonymous_3)","decl":{"start":{"line":26,"column":11},"end":{"line":26,"column":12}},"loc":{"start":{"line":26,"column":26},"end":{"line":34,"column":3}},"line":26},"4":{"name":"varType","decl":{"start":{"line":37,"column":16},"end":{"line":37,"column":23}},"loc":{"start":{"line":37,"column":29},"end":{"line":51,"column":1}},"line":37},"5":{"name":"multiConcat","decl":{"start":{"line":53,"column":9},"end":{"line":53,"column":20}},"loc":{"start":{"line":53,"column":26},"end":{"line":64,"column":1}},"line":53},"6":{"name":"(anonymous_6)","decl":{"start":{"line":56,"column":14},"end":{"line":56,"column":15}},"loc":{"start":{"line":56,"column":21},"end":{"line":62,"column":3}},"line":56},"7":{"name":"createArr","decl":{"start":{"line":66,"column":9},"end":{"line":66,"column":18}},"loc":{"start":{"line":66,"column":29},"end":{"line":79,"column":1}},"line":66},"8":{"name":"padeArr","decl":{"start":{"line":81,"column":9},"end":{"line":81,"column":16}},"loc":{"start":{"line":81,"column":34},"end":{"line":91,"column":1}},"line":81},"9":{"name":"distribute","decl":{"start":{"line":96,"column":9},"end":{"line":96,"column":19}},"loc":{"start":{"line":96,"column":25},"end":{"line":113,"column":1}},"line":96},"10":{"name":"Node","decl":{"start":{"line":117,"column":9},"end":{"line":117,"column":13}},"loc":{"start":{"line":117,"column":42},"end":{"line":130,"column":1}},"line":117},"11":{"name":"LinList","decl":{"start":{"line":132,"column":9},"end":{"line":132,"column":16}},"loc":{"start":{"line":132,"column":23},"end":{"line":140,"column":1}},"line":132},"12":{"name":"(anonymous_12)","decl":{"start":{"line":145,"column":10},"end":{"line":145,"column":11}},"loc":{"start":{"line":145,"column":25},"end":{"line":199,"column":3}},"line":145},"13":{"name":"(anonymous_13)","decl":{"start":{"line":149,"column":23},"end":{"line":149,"column":24}},"loc":{"start":{"line":149,"column":29},"end":{"line":151,"column":5}},"line":149},"14":{"name":"(anonymous_14)","decl":{"start":{"line":202,"column":23},"end":{"line":202,"column":24}},"loc":{"start":{"line":202,"column":38},"end":{"line":206,"column":5}},"line":202},"15":{"name":"Tree","decl":{"start":{"line":237,"column":9},"end":{"line":237,"column":13}},"loc":{"start":{"line":237,"column":21},"end":{"line":240,"column":1}},"line":237},"16":{"name":"(anonymous_16)","decl":{"start":{"line":250,"column":10},"end":{"line":250,"column":11}},"loc":{"start":{"line":250,"column":21},"end":{"line":290,"column":3}},"line":250},"17":{"name":"(anonymous_17)","decl":{"start":{"line":269,"column":41},"end":{"line":269,"column":42}},"loc":{"start":{"line":269,"column":48},"end":{"line":274,"column":5}},"line":269},"18":{"name":"(anonymous_18)","decl":{"start":{"line":294,"column":30},"end":{"line":294,"column":31}},"loc":{"start":{"line":294,"column":36},"end":{"line":296,"column":5}},"line":294},"19":{"name":"env","decl":{"start":{"line":310,"column":9},"end":{"line":310,"column":12}},"loc":{"start":{"line":310,"column":15},"end":{"line":367,"column":1}},"line":310},"20":{"name":"(anonymous_20)","decl":{"start":{"line":313,"column":15},"end":{"line":313,"column":16}},"loc":{"start":{"line":313,"column":26},"end":{"line":329,"column":5}},"line":313},"21":{"name":"Matrix","decl":{"start":{"line":370,"column":9},"end":{"line":370,"column":15}},"loc":{"start":{"line":370,"column":22},"end":{"line":372,"column":1}},"line":370},"22":{"name":"(anonymous_22)","decl":{"start":{"line":374,"column":12},"end":{"line":374,"column":13}},"loc":{"start":{"line":374,"column":23},"end":{"line":376,"column":3}},"line":374},"23":{"name":"(anonymous_23)","decl":{"start":{"line":377,"column":8},"end":{"line":377,"column":9}},"loc":{"start":{"line":377,"column":20},"end":{"line":379,"column":3}},"line":377},"24":{"name":"(anonymous_24)","decl":{"start":{"line":380,"column":7},"end":{"line":380,"column":8}},"loc":{"start":{"line":380,"column":19},"end":{"line":387,"column":3}},"line":380},"25":{"name":"(anonymous_25)","decl":{"start":{"line":383,"column":24},"end":{"line":383,"column":25}},"loc":{"start":{"line":383,"column":31},"end":{"line":385,"column":5}},"line":383},"26":{"name":"ArrayOP","decl":{"start":{"line":390,"column":9},"end":{"line":390,"column":16}},"loc":{"start":{"line":390,"column":22},"end":{"line":394,"column":1}},"line":390},"27":{"name":"positionPass","decl":{"start":{"line":397,"column":9},"end":{"line":397,"column":21}},"loc":{"start":{"line":397,"column":28},"end":{"line":443,"column":1}},"line":397},"28":{"name":"(anonymous_28)","decl":{"start":{"line":437,"column":19},"end":{"line":437,"column":20}},"loc":{"start":{"line":437,"column":26},"end":{"line":440,"column":3}},"line":437},"29":{"name":"replacePass","decl":{"start":{"line":445,"column":9},"end":{"line":445,"column":20}},"loc":{"start":{"line":445,"column":27},"end":{"line":472,"column":1}},"line":445},"30":{"name":"(anonymous_30)","decl":{"start":{"line":457,"column":16},"end":{"line":457,"column":17}},"loc":{"start":{"line":457,"column":29},"end":{"line":469,"column":3}},"line":457},"31":{"name":"Node","decl":{"start":{"line":482,"column":9},"end":{"line":482,"column":13}},"loc":{"start":{"line":482,"column":28},"end":{"line":500,"column":1}},"line":482},"32":{"name":"(anonymous_32)","decl":{"start":{"line":510,"column":18},"end":{"line":510,"column":19}},"loc":{"start":{"line":510,"column":29},"end":{"line":518,"column":3}},"line":510},"33":{"name":"(anonymous_33)","decl":{"start":{"line":528,"column":18},"end":{"line":528,"column":19}},"loc":{"start":{"line":528,"column":29},"end":{"line":537,"column":3}},"line":528},"34":{"name":"CTree","decl":{"start":{"line":548,"column":9},"end":{"line":548,"column":14}},"loc":{"start":{"line":548,"column":30},"end":{"line":570,"column":1}},"line":548},"35":{"name":"dragBind","decl":{"start":{"line":689,"column":16},"end":{"line":689,"column":24}},"loc":{"start":{"line":689,"column":30},"end":{"line":749,"column":1}},"line":689},"36":{"name":"(anonymous_36)","decl":{"start":{"line":703,"column":20},"end":{"line":703,"column":21}},"loc":{"start":{"line":703,"column":32},"end":{"line":718,"column":3}},"line":703},"37":{"name":"(anonymous_37)","decl":{"start":{"line":721,"column":20},"end":{"line":721,"column":21}},"loc":{"start":{"line":721,"column":32},"end":{"line":731,"column":3}},"line":721},"38":{"name":"(anonymous_38)","decl":{"start":{"line":733,"column":18},"end":{"line":733,"column":19}},"loc":{"start":{"line":733,"column":30},"end":{"line":738,"column":3}},"line":733},"39":{"name":"(anonymous_39)","decl":{"start":{"line":740,"column":21},"end":{"line":740,"column":22}},"loc":{"start":{"line":740,"column":33},"end":{"line":748,"column":3}},"line":740},"40":{"name":"onScrollToBottom","decl":{"start":{"line":756,"column":16},"end":{"line":756,"column":32}},"loc":{"start":{"line":756,"column":47},"end":{"line":785,"column":1}},"line":756},"41":{"name":"(anonymous_41)","decl":{"start":{"line":760,"column":32},"end":{"line":760,"column":33}},"loc":{"start":{"line":760,"column":43},"end":{"line":784,"column":3}},"line":760},"42":{"name":"(anonymous_42)","decl":{"start":{"line":780,"column":17},"end":{"line":780,"column":18}},"loc":{"start":{"line":780,"column":28},"end":{"line":782,"column":7}},"line":780}},"branchMap":{"0":{"loc":{"start":{"line":3,"column":27},"end":{"line":3,"column":46}},"type":"default-arg","locations":[{"start":{"line":3,"column":33},"end":{"line":3,"column":46}}],"line":3},"1":{"loc":{"start":{"line":5,"column":2},"end":{"line":10,"column":3}},"type":"if","locations":[{"start":{"line":5,"column":2},"end":{"line":10,"column":3}},{"start":{"line":5,"column":2},"end":{"line":10,"column":3}}],"line":5},"2":{"loc":{"start":{"line":6,"column":4},"end":{"line":8,"column":5}},"type":"if","locations":[{"start":{"line":6,"column":4},"end":{"line":8,"column":5}},{"start":{"line":6,"column":4},"end":{"line":8,"column":5}}],"line":6},"3":{"loc":{"start":{"line":15,"column":2},"end":{"line":15,"column":23}},"type":"if","locations":[{"start":{"line":15,"column":2},"end":{"line":15,"column":23}},{"start":{"line":15,"column":2},"end":{"line":15,"column":23}}],"line":15},"4":{"loc":{"start":{"line":16,"column":17},"end":{"line":16,"column":27}},"type":"binary-expr","locations":[{"start":{"line":16,"column":17},"end":{"line":16,"column":22}},{"start":{"line":16,"column":26},"end":{"line":16,"column":27}}],"line":16},"5":{"loc":{"start":{"line":17,"column":15},"end":{"line":17,"column":32}},"type":"binary-expr","locations":[{"start":{"line":17,"column":15},"end":{"line":17,"column":18}},{"start":{"line":17,"column":22},"end":{"line":17,"column":32}}],"line":17},"6":{"loc":{"start":{"line":27,"column":4},"end":{"line":33,"column":5}},"type":"if","locations":[{"start":{"line":27,"column":4},"end":{"line":33,"column":5}},{"start":{"line":27,"column":4},"end":{"line":33,"column":5}}],"line":27},"7":{"loc":{"start":{"line":29,"column":11},"end":{"line":33,"column":5}},"type":"if","locations":[{"start":{"line":29,"column":11},"end":{"line":33,"column":5}},{"start":{"line":29,"column":11},"end":{"line":33,"column":5}}],"line":29},"8":{"loc":{"start":{"line":40,"column":2},"end":{"line":50,"column":3}},"type":"if","locations":[{"start":{"line":40,"column":2},"end":{"line":50,"column":3}},{"start":{"line":40,"column":2},"end":{"line":50,"column":3}}],"line":40},"9":{"loc":{"start":{"line":41,"column":4},"end":{"line":47,"column":5}},"type":"if","locations":[{"start":{"line":41,"column":4},"end":{"line":47,"column":5}},{"start":{"line":41,"column":4},"end":{"line":47,"column":5}}],"line":41},"10":{"loc":{"start":{"line":43,"column":11},"end":{"line":47,"column":5}},"type":"if","locations":[{"start":{"line":43,"column":11},"end":{"line":47,"column":5}},{"start":{"line":43,"column":11},"end":{"line":47,"column":5}}],"line":43},"11":{"loc":{"start":{"line":57,"column":4},"end":{"line":61,"column":5}},"type":"if","locations":[{"start":{"line":57,"column":4},"end":{"line":61,"column":5}},{"start":{"line":57,"column":4},"end":{"line":61,"column":5}}],"line":57},"12":{"loc":{"start":{"line":70,"column":4},"end":{"line":76,"column":5}},"type":"if","locations":[{"start":{"line":70,"column":4},"end":{"line":76,"column":5}},{"start":{"line":70,"column":4},"end":{"line":76,"column":5}}],"line":70},"13":{"loc":{"start":{"line":72,"column":11},"end":{"line":76,"column":5}},"type":"if","locations":[{"start":{"line":72,"column":11},"end":{"line":76,"column":5}},{"start":{"line":72,"column":11},"end":{"line":76,"column":5}}],"line":72},"14":{"loc":{"start":{"line":84,"column":15},"end":{"line":84,"column":24}},"type":"binary-expr","locations":[{"start":{"line":84,"column":15},"end":{"line":84,"column":18}},{"start":{"line":84,"column":22},"end":{"line":84,"column":24}}],"line":84},"15":{"loc":{"start":{"line":85,"column":15},"end":{"line":85,"column":23}},"type":"binary-expr","locations":[{"start":{"line":85,"column":15},"end":{"line":85,"column":18}},{"start":{"line":85,"column":22},"end":{"line":85,"column":23}}],"line":85},"16":{"loc":{"start":{"line":101,"column":4},"end":{"line":103,"column":5}},"type":"if","locations":[{"start":{"line":101,"column":4},"end":{"line":103,"column":5}},{"start":{"line":101,"column":4},"end":{"line":103,"column":5}}],"line":101},"17":{"loc":{"start":{"line":107,"column":4},"end":{"line":109,"column":5}},"type":"if","locations":[{"start":{"line":107,"column":4},"end":{"line":109,"column":5}},{"start":{"line":107,"column":4},"end":{"line":109,"column":5}}],"line":107},"18":{"loc":{"start":{"line":107,"column":8},"end":{"line":107,"column":44}},"type":"binary-expr","locations":[{"start":{"line":107,"column":8},"end":{"line":107,"column":27}},{"start":{"line":107,"column":31},"end":{"line":107,"column":44}}],"line":107},"19":{"loc":{"start":{"line":122,"column":14},"end":{"line":122,"column":24}},"type":"binary-expr","locations":[{"start":{"line":122,"column":14},"end":{"line":122,"column":18}},{"start":{"line":122,"column":22},"end":{"line":122,"column":24}}],"line":122},"20":{"loc":{"start":{"line":123,"column":16},"end":{"line":123,"column":28}},"type":"binary-expr","locations":[{"start":{"line":123,"column":16},"end":{"line":123,"column":22}},{"start":{"line":123,"column":26},"end":{"line":123,"column":28}}],"line":123},"21":{"loc":{"start":{"line":128,"column":16},"end":{"line":128,"column":27}},"type":"binary-expr","locations":[{"start":{"line":128,"column":16},"end":{"line":128,"column":22}},{"start":{"line":128,"column":26},"end":{"line":128,"column":27}}],"line":128},"22":{"loc":{"start":{"line":129,"column":14},"end":{"line":129,"column":26}},"type":"binary-expr","locations":[{"start":{"line":129,"column":14},"end":{"line":129,"column":18}},{"start":{"line":129,"column":22},"end":{"line":129,"column":26}}],"line":129},"23":{"loc":{"start":{"line":139,"column":15},"end":{"line":139,"column":36}},"type":"binary-expr","locations":[{"start":{"line":139,"column":15},"end":{"line":139,"column":19}},{"start":{"line":139,"column":23},"end":{"line":139,"column":36}}],"line":139},"24":{"loc":{"start":{"line":162,"column":4},"end":{"line":175,"column":5}},"type":"if","locations":[{"start":{"line":162,"column":4},"end":{"line":175,"column":5}},{"start":{"line":162,"column":4},"end":{"line":175,"column":5}}],"line":162},"25":{"loc":{"start":{"line":170,"column":6},"end":{"line":174,"column":7}},"type":"if","locations":[{"start":{"line":170,"column":6},"end":{"line":174,"column":7}},{"start":{"line":170,"column":6},"end":{"line":174,"column":7}}],"line":170},"26":{"loc":{"start":{"line":177,"column":4},"end":{"line":184,"column":5}},"type":"if","locations":[{"start":{"line":177,"column":4},"end":{"line":184,"column":5}},{"start":{"line":177,"column":4},"end":{"line":184,"column":5}}],"line":177},"27":{"loc":{"start":{"line":186,"column":4},"end":{"line":193,"column":5}},"type":"if","locations":[{"start":{"line":186,"column":4},"end":{"line":193,"column":5}},{"start":{"line":186,"column":4},"end":{"line":193,"column":5}}],"line":186},"28":{"loc":{"start":{"line":203,"column":6},"end":{"line":205,"column":7}},"type":"if","locations":[{"start":{"line":203,"column":6},"end":{"line":205,"column":7}},{"start":{"line":203,"column":6},"end":{"line":205,"column":7}}],"line":203},"29":{"loc":{"start":{"line":215,"column":4},"end":{"line":219,"column":5}},"type":"if","locations":[{"start":{"line":215,"column":4},"end":{"line":219,"column":5}},{"start":{"line":215,"column":4},"end":{"line":219,"column":5}}],"line":215},"30":{"loc":{"start":{"line":217,"column":20},"end":{"line":217,"column":71}},"type":"cond-expr","locations":[{"start":{"line":217,"column":47},"end":{"line":217,"column":57}},{"start":{"line":217,"column":60},"end":{"line":217,"column":71}}],"line":217},"31":{"loc":{"start":{"line":220,"column":4},"end":{"line":224,"column":5}},"type":"if","locations":[{"start":{"line":220,"column":4},"end":{"line":224,"column":5}},{"start":{"line":220,"column":4},"end":{"line":224,"column":5}}],"line":220},"32":{"loc":{"start":{"line":222,"column":20},"end":{"line":222,"column":71}},"type":"cond-expr","locations":[{"start":{"line":222,"column":47},"end":{"line":222,"column":57}},{"start":{"line":222,"column":60},"end":{"line":222,"column":71}}],"line":222},"33":{"loc":{"start":{"line":270,"column":6},"end":{"line":273,"column":7}},"type":"if","locations":[{"start":{"line":270,"column":6},"end":{"line":273,"column":7}},{"start":{"line":270,"column":6},"end":{"line":273,"column":7}}],"line":270},"34":{"loc":{"start":{"line":282,"column":4},"end":{"line":289,"column":5}},"type":"if","locations":[{"start":{"line":282,"column":4},"end":{"line":289,"column":5}},{"start":{"line":282,"column":4},"end":{"line":289,"column":5}}],"line":282},"35":{"loc":{"start":{"line":321,"column":15},"end":{"line":321,"column":67}},"type":"binary-expr","locations":[{"start":{"line":321,"column":15},"end":{"line":321,"column":38}},{"start":{"line":321,"column":42},"end":{"line":321,"column":67}}],"line":321},"36":{"loc":{"start":{"line":324,"column":17},"end":{"line":324,"column":69}},"type":"binary-expr","locations":[{"start":{"line":324,"column":17},"end":{"line":324,"column":42}},{"start":{"line":324,"column":46},"end":{"line":324,"column":69}}],"line":324},"37":{"loc":{"start":{"line":330,"column":15},"end":{"line":330,"column":62}},"type":"binary-expr","locations":[{"start":{"line":330,"column":15},"end":{"line":330,"column":40}},{"start":{"line":330,"column":44},"end":{"line":330,"column":62}}],"line":330},"38":{"loc":{"start":{"line":338,"column":2},"end":{"line":365,"column":3}},"type":"if","locations":[{"start":{"line":338,"column":2},"end":{"line":365,"column":3}},{"start":{"line":338,"column":2},"end":{"line":365,"column":3}}],"line":338},"39":{"loc":{"start":{"line":342,"column":4},"end":{"line":345,"column":5}},"type":"if","locations":[{"start":{"line":342,"column":4},"end":{"line":345,"column":5}},{"start":{"line":342,"column":4},"end":{"line":345,"column":5}}],"line":342},"40":{"loc":{"start":{"line":346,"column":4},"end":{"line":349,"column":5}},"type":"if","locations":[{"start":{"line":346,"column":4},"end":{"line":349,"column":5}},{"start":{"line":346,"column":4},"end":{"line":349,"column":5}}],"line":346},"41":{"loc":{"start":{"line":350,"column":4},"end":{"line":353,"column":5}},"type":"if","locations":[{"start":{"line":350,"column":4},"end":{"line":353,"column":5}},{"start":{"line":350,"column":4},"end":{"line":353,"column":5}}],"line":350},"42":{"loc":{"start":{"line":354,"column":4},"end":{"line":357,"column":5}},"type":"if","locations":[{"start":{"line":354,"column":4},"end":{"line":357,"column":5}},{"start":{"line":354,"column":4},"end":{"line":357,"column":5}}],"line":354},"43":{"loc":{"start":{"line":358,"column":4},"end":{"line":361,"column":5}},"type":"if","locations":[{"start":{"line":358,"column":4},"end":{"line":361,"column":5}},{"start":{"line":358,"column":4},"end":{"line":361,"column":5}}],"line":358},"44":{"loc":{"start":{"line":421,"column":14},"end":{"line":421,"column":64}},"type":"cond-expr","locations":[{"start":{"line":421,"column":39},"end":{"line":421,"column":48}},{"start":{"line":421,"column":51},"end":{"line":421,"column":64}}],"line":421},"45":{"loc":{"start":{"line":425,"column":4},"end":{"line":431,"column":5}},"type":"if","locations":[{"start":{"line":425,"column":4},"end":{"line":431,"column":5}},{"start":{"line":425,"column":4},"end":{"line":431,"column":5}}],"line":425},"46":{"loc":{"start":{"line":459,"column":4},"end":{"line":468,"column":5}},"type":"if","locations":[{"start":{"line":459,"column":4},"end":{"line":468,"column":5}},{"start":{"line":459,"column":4},"end":{"line":468,"column":5}}],"line":459},"47":{"loc":{"start":{"line":462,"column":11},"end":{"line":468,"column":5}},"type":"if","locations":[{"start":{"line":462,"column":11},"end":{"line":468,"column":5}},{"start":{"line":462,"column":11},"end":{"line":468,"column":5}}],"line":462},"48":{"loc":{"start":{"line":511,"column":4},"end":{"line":511,"column":63}},"type":"if","locations":[{"start":{"line":511,"column":4},"end":{"line":511,"column":63}},{"start":{"line":511,"column":4},"end":{"line":511,"column":63}}],"line":511},"49":{"loc":{"start":{"line":522,"column":4},"end":{"line":522,"column":36}},"type":"if","locations":[{"start":{"line":522,"column":4},"end":{"line":522,"column":36}},{"start":{"line":522,"column":4},"end":{"line":522,"column":36}}],"line":522},"50":{"loc":{"start":{"line":531,"column":4},"end":{"line":531,"column":41}},"type":"if","locations":[{"start":{"line":531,"column":4},"end":{"line":531,"column":41}},{"start":{"line":531,"column":4},"end":{"line":531,"column":41}}],"line":531},"51":{"loc":{"start":{"line":532,"column":4},"end":{"line":532,"column":29}},"type":"if","locations":[{"start":{"line":532,"column":4},"end":{"line":532,"column":29}},{"start":{"line":532,"column":4},"end":{"line":532,"column":29}}],"line":532},"52":{"loc":{"start":{"line":552,"column":13},"end":{"line":552,"column":26}},"type":"binary-expr","locations":[{"start":{"line":552,"column":13},"end":{"line":552,"column":20}},{"start":{"line":552,"column":24},"end":{"line":552,"column":26}}],"line":552},"53":{"loc":{"start":{"line":575,"column":4},"end":{"line":575,"column":41}},"type":"if","locations":[{"start":{"line":575,"column":4},"end":{"line":575,"column":41}},{"start":{"line":575,"column":4},"end":{"line":575,"column":41}}],"line":575},"54":{"loc":{"start":{"line":577,"column":15},"end":{"line":577,"column":25}},"type":"binary-expr","locations":[{"start":{"line":577,"column":15},"end":{"line":577,"column":20}},{"start":{"line":577,"column":24},"end":{"line":577,"column":25}}],"line":577},"55":{"loc":{"start":{"line":578,"column":22},"end":{"line":578,"column":38}},"type":"binary-expr","locations":[{"start":{"line":578,"column":22},"end":{"line":578,"column":32}},{"start":{"line":578,"column":36},"end":{"line":578,"column":38}}],"line":578},"56":{"loc":{"start":{"line":582,"column":4},"end":{"line":592,"column":5}},"type":"switch","locations":[{"start":{"line":583,"column":6},"end":{"line":585,"column":14}},{"start":{"line":586,"column":6},"end":{"line":588,"column":14}},{"start":{"line":589,"column":6},"end":{"line":591,"column":14}}],"line":582},"57":{"loc":{"start":{"line":599,"column":18},"end":{"line":599,"column":67}},"type":"cond-expr","locations":[{"start":{"line":599,"column":31},"end":{"line":599,"column":43}},{"start":{"line":599,"column":46},"end":{"line":599,"column":67}}],"line":599},"58":{"loc":{"start":{"line":609,"column":6},"end":{"line":611,"column":7}},"type":"if","locations":[{"start":{"line":609,"column":6},"end":{"line":611,"column":7}},{"start":{"line":609,"column":6},"end":{"line":611,"column":7}}],"line":609},"59":{"loc":{"start":{"line":616,"column":4},"end":{"line":616,"column":44}},"type":"if","locations":[{"start":{"line":616,"column":4},"end":{"line":616,"column":44}},{"start":{"line":616,"column":4},"end":{"line":616,"column":44}}],"line":616},"60":{"loc":{"start":{"line":626,"column":4},"end":{"line":626,"column":44}},"type":"if","locations":[{"start":{"line":626,"column":4},"end":{"line":626,"column":44}},{"start":{"line":626,"column":4},"end":{"line":626,"column":44}}],"line":626},"61":{"loc":{"start":{"line":644,"column":6},"end":{"line":651,"column":7}},"type":"if","locations":[{"start":{"line":644,"column":6},"end":{"line":651,"column":7}},{"start":{"line":644,"column":6},"end":{"line":651,"column":7}}],"line":644},"62":{"loc":{"start":{"line":661,"column":4},"end":{"line":673,"column":5}},"type":"if","locations":[{"start":{"line":661,"column":4},"end":{"line":673,"column":5}},{"start":{"line":661,"column":4},"end":{"line":673,"column":5}}],"line":661},"63":{"loc":{"start":{"line":706,"column":9},"end":{"line":706,"column":26}},"type":"binary-expr","locations":[{"start":{"line":706,"column":9},"end":{"line":706,"column":21}},{"start":{"line":706,"column":25},"end":{"line":706,"column":26}}],"line":706},"64":{"loc":{"start":{"line":722,"column":4},"end":{"line":722,"column":34}},"type":"if","locations":[{"start":{"line":722,"column":4},"end":{"line":722,"column":34}},{"start":{"line":722,"column":4},"end":{"line":722,"column":34}}],"line":722},"65":{"loc":{"start":{"line":724,"column":9},"end":{"line":724,"column":26}},"type":"binary-expr","locations":[{"start":{"line":724,"column":9},"end":{"line":724,"column":21}},{"start":{"line":724,"column":25},"end":{"line":724,"column":26}}],"line":724},"66":{"loc":{"start":{"line":725,"column":4},"end":{"line":725,"column":41}},"type":"if","locations":[{"start":{"line":725,"column":4},"end":{"line":725,"column":41}},{"start":{"line":725,"column":4},"end":{"line":725,"column":41}}],"line":725},"67":{"loc":{"start":{"line":734,"column":9},"end":{"line":734,"column":26}},"type":"binary-expr","locations":[{"start":{"line":734,"column":9},"end":{"line":734,"column":21}},{"start":{"line":734,"column":25},"end":{"line":734,"column":26}}],"line":734},"68":{"loc":{"start":{"line":741,"column":9},"end":{"line":741,"column":26}},"type":"binary-expr","locations":[{"start":{"line":741,"column":9},"end":{"line":741,"column":21}},{"start":{"line":741,"column":25},"end":{"line":741,"column":26}}],"line":741},"69":{"loc":{"start":{"line":743,"column":4},"end":{"line":746,"column":5}},"type":"if","locations":[{"start":{"line":743,"column":4},"end":{"line":746,"column":5}},{"start":{"line":743,"column":4},"end":{"line":746,"column":5}}],"line":743},"70":{"loc":{"start":{"line":768,"column":4},"end":{"line":768,"column":41}},"type":"if","locations":[{"start":{"line":768,"column":4},"end":{"line":768,"column":41}},{"start":{"line":768,"column":4},"end":{"line":768,"column":41}}],"line":768},"71":{"loc":{"start":{"line":768,"column":8},"end":{"line":768,"column":32}},"type":"binary-expr","locations":[{"start":{"line":768,"column":8},"end":{"line":768,"column":17}},{"start":{"line":768,"column":21},"end":{"line":768,"column":32}}],"line":768},"72":{"loc":{"start":{"line":770,"column":4},"end":{"line":783,"column":5}},"type":"if","locations":[{"start":{"line":770,"column":4},"end":{"line":783,"column":5}},{"start":{"line":770,"column":4},"end":{"line":783,"column":5}}],"line":770}},"s":{"0":0,"1":0,"2":0,"3":0,"4":0,"5":0,"6":0,"7":0,"8":0,"9":0,"10":0,"11":0,"12":0,"13":0,"14":0,"15":0,"16":0,"17":1,"18":1,"19":0,"20":0,"21":0,"22":0,"23":0,"24":1,"25":0,"26":0,"27":0,"28":0,"29":0,"30":0,"31":0,"32":0,"33":0,"34":0,"35":0,"36":0,"37":0,"38":0,"39":0,"40":0,"41":0,"42":0,"43":0,"44":0,"45":0,"46":0,"47":0,"48":0,"49":0,"50":0,"51":0,"52":0,"53":0,"54":0,"55":0,"56":0,"57":0,"58":0,"59":0,"60":0,"61":0,"62":0,"63":1,"64":0,"65":0,"66":0,"67":0,"68":0,"69":0,"70":0,"71":0,"72":0,"73":0,"74":0,"75":0,"76":0,"77":0,"78":0,"79":0,"80":0,"81":0,"82":0,"83":0,"84":0,"85":0,"86":0,"87":0,"88":0,"89":0,"90":0,"91":0,"92":0,"93":0,"94":0,"95":0,"96":0,"97":0,"98":0,"99":0,"100":0,"101":0,"102":1,"103":0,"104":0,"105":0,"106":0,"107":0,"108":0,"109":0,"110":0,"111":0,"112":0,"113":0,"114":0,"115":0,"116":0,"117":0,"118":0,"119":0,"120":0,"121":0,"122":0,"123":0,"124":0,"125":0,"126":0,"127":0,"128":0,"129":0,"130":0,"131":0,"132":0,"133":0,"134":0,"135":0,"136":0,"137":0,"138":0,"139":0,"140":0,"141":0,"142":0,"143":0,"144":0,"145":0,"146":0,"147":0,"148":0,"149":0,"150":0,"151":0,"152":1,"153":0,"154":0,"155":0,"156":0,"157":0,"158":0,"159":0,"160":0,"161":0,"162":0,"163":0,"164":0,"165":0,"166":0,"167":0,"168":0,"169":0,"170":0,"171":0,"172":0,"173":0,"174":0,"175":0,"176":0,"177":0,"178":0,"179":0,"180":0,"181":0,"182":0,"183":0,"184":0,"185":0,"186":0,"187":0,"188":0,"189":0,"190":0,"191":0,"192":0,"193":0,"194":0,"195":0,"196":0,"197":0,"198":0,"199":0,"200":0,"201":0,"202":0,"203":0,"204":0,"205":0,"206":1,"207":0,"208":0,"209":0,"210":0,"211":0,"212":0,"213":0,"214":0,"215":0,"216":0,"217":0,"218":0,"219":0,"220":0,"221":0,"222":0,"223":0,"224":0,"225":0,"226":0,"227":0,"228":0,"229":0,"230":0,"231":0,"232":0,"233":0,"234":0,"235":0,"236":1,"237":0,"238":0,"239":0,"240":0,"241":0,"242":0,"243":0,"244":0,"245":0,"246":0,"247":0,"248":0,"249":0,"250":0,"251":0,"252":0,"253":0,"254":0,"255":0,"256":0,"257":0,"258":0,"259":0,"260":0,"261":0,"262":0,"263":0,"264":0,"265":0,"266":0,"267":0,"268":0,"269":0,"270":0,"271":0,"272":0,"273":0,"274":0,"275":0,"276":0,"277":0,"278":0,"279":0,"280":0,"281":0,"282":0,"283":0,"284":0,"285":0,"286":0,"287":0,"288":0,"289":0,"290":0,"291":0,"292":0,"293":0,"294":0,"295":0,"296":0,"297":0,"298":0,"299":0,"300":0,"301":0,"302":0,"303":0,"304":0,"305":0,"306":0,"307":0,"308":0,"309":0,"310":0,"311":0,"312":0,"313":0,"314":0,"315":0,"316":0,"317":0,"318":0,"319":0,"320":0,"321":0,"322":0,"323":0,"324":0,"325":0,"326":0,"327":0,"328":0,"329":0,"330":0,"331":0,"332":0,"333":0,"334":0,"335":0,"336":0},"f":{"0":0,"1":0,"2":0,"3":0,"4":1,"5":0,"6":0,"7":0,"8":0,"9":0,"10":0,"11":0,"12":0,"13":0,"14":0,"15":0,"16":0,"17":0,"18":0,"19":0,"20":0,"21":0,"22":0,"23":0,"24":0,"25":0,"26":0,"27":0,"28":0,"29":0,"30":0,"31":0,"32":0,"33":0,"34":0,"35":0,"36":0,"37":0,"38":0,"39":0,"40":0,"41":0,"42":0},"b":{"0":[0],"1":[0,0],"2":[0,0],"3":[0,0],"4":[0,0],"5":[0,0],"6":[0,0],"7":[0,0],"8":[0,1],"9":[0,0],"10":[0,0],"11":[0,0],"12":[0,0],"13":[0,0],"14":[0,0],"15":[0,0],"16":[0,0],"17":[0,0],"18":[0,0],"19":[0,0],"20":[0,0],"21":[0,0],"22":[0,0],"23":[0,0],"24":[0,0],"25":[0,0],"26":[0,0],"27":[0,0],"28":[0,0],"29":[0,0],"30":[0,0],"31":[0,0],"32":[0,0],"33":[0,0],"34":[0,0],"35":[0,0],"36":[0,0],"37":[0,0],"38":[0,0],"39":[0,0],"40":[0,0],"41":[0,0],"42":[0,0],"43":[0,0],"44":[0,0],"45":[0,0],"46":[0,0],"47":[0,0],"48":[0,0],"49":[0,0],"50":[0,0],"51":[0,0],"52":[0,0],"53":[0,0],"54":[0,0],"55":[0,0],"56":[0,0,0],"57":[0,0],"58":[0,0],"59":[0,0],"60":[0,0],"61":[0,0],"62":[0,0],"63":[0,0],"64":[0,0],"65":[0,0],"66":[0,0],"67":[0,0],"68":[0,0],"69":[0,0],"70":[0,0],"71":[0,0],"72":[0,0]},"_coverageSchema":"332fd63041d2c1bcb487cc26dd0d5f7d97098a6c","hash":"ed324152f45d92a508b8ce03977cd76934f9c3eb"}
,"F:\\WEB\\cool\\examples\\utils\\validate.js": {"path":"F:\\WEB\\cool\\examples\\utils\\validate.js","statementMap":{"0":{"start":{"line":7,"column":14},"end":{"line":7,"column":330}},"1":{"start":{"line":8,"column":2},"end":{"line":8,"column":22}},"2":{"start":{"line":16,"column":14},"end":{"line":16,"column":24}},"3":{"start":{"line":17,"column":2},"end":{"line":17,"column":22}},"4":{"start":{"line":25,"column":14},"end":{"line":25,"column":24}},"5":{"start":{"line":26,"column":2},"end":{"line":26,"column":22}},"6":{"start":{"line":34,"column":14},"end":{"line":34,"column":167}},"7":{"start":{"line":35,"column":2},"end":{"line":35,"column":24}},"8":{"start":{"line":44,"column":14},"end":{"line":44,"column":29}},"9":{"start":{"line":45,"column":2},"end":{"line":45,"column":25}}},"fnMap":{"0":{"name":"validURL","decl":{"start":{"line":6,"column":16},"end":{"line":6,"column":24}},"loc":{"start":{"line":6,"column":30},"end":{"line":9,"column":1}},"line":6},"1":{"name":"validLowerCase","decl":{"start":{"line":15,"column":16},"end":{"line":15,"column":30}},"loc":{"start":{"line":15,"column":36},"end":{"line":18,"column":1}},"line":15},"2":{"name":"validUpperCase","decl":{"start":{"line":24,"column":16},"end":{"line":24,"column":30}},"loc":{"start":{"line":24,"column":36},"end":{"line":27,"column":1}},"line":24},"3":{"name":"validEmail","decl":{"start":{"line":33,"column":16},"end":{"line":33,"column":26}},"loc":{"start":{"line":33,"column":34},"end":{"line":36,"column":1}},"line":33},"4":{"name":"validPhone","decl":{"start":{"line":43,"column":16},"end":{"line":43,"column":26}},"loc":{"start":{"line":43,"column":34},"end":{"line":46,"column":1}},"line":43}},"branchMap":{},"s":{"0":1,"1":1,"2":0,"3":0,"4":0,"5":0,"6":1,"7":1,"8":2,"9":2},"f":{"0":1,"1":0,"2":0,"3":1,"4":2},"b":{},"_coverageSchema":"332fd63041d2c1bcb487cc26dd0d5f7d97098a6c","hash":"f6bf7fc5a8a746187c23b65040a21e0027955a73"}
}
