{"F:\\WEB\\cool\\examples\\assets\\jsCool.js": {"path":"F:\\WEB\\cool\\examples\\assets\\jsCool.js","statementMap":{"0":{"start":{"line":5,"column":4},"end":{"line":10,"column":5}},"1":{"start":{"line":6,"column":8},"end":{"line":8,"column":9}},"2":{"start":{"line":7,"column":12},"end":{"line":7,"column":50}},"3":{"start":{"line":9,"column":8},"end":{"line":9,"column":18}},"4":{"start":{"line":15,"column":4},"end":{"line":15,"column":25}},"5":{"start":{"line":15,"column":14},"end":{"line":15,"column":25}},"6":{"start":{"line":16,"column":19},"end":{"line":16,"column":29}},"7":{"start":{"line":17,"column":17},"end":{"line":17,"column":34}},"8":{"start":{"line":18,"column":16},"end":{"line":18,"column":19}},"9":{"start":{"line":19,"column":4},"end":{"line":19,"column":38}},"10":{"start":{"line":24,"column":4},"end":{"line":24,"column":54}},"11":{"start":{"line":26,"column":4},"end":{"line":34,"column":7}},"12":{"start":{"line":27,"column":8},"end":{"line":33,"column":9}},"13":{"start":{"line":28,"column":12},"end":{"line":28,"column":21}},"14":{"start":{"line":29,"column":15},"end":{"line":33,"column":9}},"15":{"start":{"line":30,"column":12},"end":{"line":30,"column":22}},"16":{"start":{"line":32,"column":12},"end":{"line":32,"column":21}},"17":{"start":{"line":39,"column":4},"end":{"line":39,"column":54}},"18":{"start":{"line":40,"column":4},"end":{"line":40,"column":54}},"19":{"start":{"line":42,"column":4},"end":{"line":44,"column":5}},"20":{"start":{"line":43,"column":8},"end":{"line":43,"column":28}},"21":{"start":{"line":49,"column":13},"end":{"line":49,"column":23}},"22":{"start":{"line":50,"column":4},"end":{"line":60,"column":5}},"23":{"start":{"line":51,"column":8},"end":{"line":57,"column":9}},"24":{"start":{"line":52,"column":12},"end":{"line":52,"column":26}},"25":{"start":{"line":53,"column":15},"end":{"line":57,"column":9}},"26":{"start":{"line":54,"column":12},"end":{"line":54,"column":27}},"27":{"start":{"line":56,"column":12},"end":{"line":56,"column":26}},"28":{"start":{"line":59,"column":8},"end":{"line":59,"column":18}},"29":{"start":{"line":65,"column":16},"end":{"line":65,"column":18}},"30":{"start":{"line":66,"column":4},"end":{"line":72,"column":7}},"31":{"start":{"line":67,"column":8},"end":{"line":71,"column":9}},"32":{"start":{"line":68,"column":12},"end":{"line":68,"column":38}},"33":{"start":{"line":70,"column":12},"end":{"line":70,"column":28}},"34":{"start":{"line":73,"column":4},"end":{"line":73,"column":17}},"35":{"start":{"line":87,"column":14},"end":{"line":87,"column":16}},"36":{"start":{"line":88,"column":4},"end":{"line":96,"column":5}},"37":{"start":{"line":89,"column":8},"end":{"line":95,"column":9}},"38":{"start":{"line":90,"column":12},"end":{"line":90,"column":25}},"39":{"start":{"line":91,"column":15},"end":{"line":95,"column":9}},"40":{"start":{"line":92,"column":12},"end":{"line":92,"column":25}},"41":{"start":{"line":94,"column":12},"end":{"line":94,"column":26}},"42":{"start":{"line":97,"column":4},"end":{"line":97,"column":15}},"43":{"start":{"line":102,"column":15},"end":{"line":102,"column":25}},"44":{"start":{"line":103,"column":17},"end":{"line":103,"column":26}},"45":{"start":{"line":104,"column":17},"end":{"line":104,"column":25}},"46":{"start":{"line":106,"column":4},"end":{"line":108,"column":5}},"47":{"start":{"line":107,"column":8},"end":{"line":107,"column":24}},"48":{"start":{"line":109,"column":4},"end":{"line":109,"column":16}},"49":{"start":{"line":116,"column":4},"end":{"line":116,"column":41}},"50":{"start":{"line":117,"column":15},"end":{"line":117,"column":39}},"51":{"start":{"line":119,"column":4},"end":{"line":123,"column":5}},"52":{"start":{"line":120,"column":8},"end":{"line":122,"column":9}},"53":{"start":{"line":121,"column":12},"end":{"line":121,"column":38}},"54":{"start":{"line":125,"column":4},"end":{"line":129,"column":5}},"55":{"start":{"line":126,"column":8},"end":{"line":128,"column":9}},"56":{"start":{"line":127,"column":12},"end":{"line":127,"column":38}},"57":{"start":{"line":131,"column":4},"end":{"line":131,"column":16}},"58":{"start":{"line":141,"column":4},"end":{"line":141,"column":27}},"59":{"start":{"line":142,"column":4},"end":{"line":142,"column":31}},"60":{"start":{"line":144,"column":4},"end":{"line":144,"column":19}},"61":{"start":{"line":145,"column":4},"end":{"line":145,"column":20}},"62":{"start":{"line":147,"column":4},"end":{"line":147,"column":30}},"63":{"start":{"line":148,"column":4},"end":{"line":148,"column":29}},"64":{"start":{"line":156,"column":4},"end":{"line":156,"column":24}},"65":{"start":{"line":157,"column":4},"end":{"line":157,"column":23}},"66":{"start":{"line":158,"column":4},"end":{"line":158,"column":39}},"67":{"start":{"line":160,"column":0},"end":{"line":253,"column":2}},"68":{"start":{"line":166,"column":21},"end":{"line":166,"column":42}},"69":{"start":{"line":168,"column":27},"end":{"line":170,"column":9}},"70":{"start":{"line":169,"column":12},"end":{"line":169,"column":52}},"71":{"start":{"line":172,"column":8},"end":{"line":179,"column":11}},"72":{"start":{"line":181,"column":8},"end":{"line":194,"column":9}},"73":{"start":{"line":182,"column":26},"end":{"line":182,"column":39}},"74":{"start":{"line":184,"column":12},"end":{"line":184,"column":61}},"75":{"start":{"line":186,"column":12},"end":{"line":187,"column":51}},"76":{"start":{"line":189,"column":12},"end":{"line":193,"column":13}},"77":{"start":{"line":190,"column":16},"end":{"line":190,"column":69}},"78":{"start":{"line":192,"column":16},"end":{"line":192,"column":69}},"79":{"start":{"line":196,"column":8},"end":{"line":203,"column":9}},"80":{"start":{"line":198,"column":26},"end":{"line":198,"column":44}},"81":{"start":{"line":199,"column":12},"end":{"line":199,"column":61}},"82":{"start":{"line":202,"column":12},"end":{"line":202,"column":61}},"83":{"start":{"line":205,"column":8},"end":{"line":212,"column":9}},"84":{"start":{"line":207,"column":26},"end":{"line":207,"column":45}},"85":{"start":{"line":208,"column":12},"end":{"line":208,"column":61}},"86":{"start":{"line":211,"column":12},"end":{"line":211,"column":61}},"87":{"start":{"line":215,"column":8},"end":{"line":215,"column":28}},"88":{"start":{"line":217,"column":8},"end":{"line":217,"column":37}},"89":{"start":{"line":221,"column":8},"end":{"line":225,"column":11}},"90":{"start":{"line":222,"column":12},"end":{"line":224,"column":13}},"91":{"start":{"line":223,"column":16},"end":{"line":223,"column":38}},"92":{"start":{"line":229,"column":8},"end":{"line":229,"column":66}},"93":{"start":{"line":230,"column":23},"end":{"line":230,"column":47}},"94":{"start":{"line":231,"column":27},"end":{"line":231,"column":43}},"95":{"start":{"line":234,"column":8},"end":{"line":238,"column":9}},"96":{"start":{"line":235,"column":12},"end":{"line":235,"column":61}},"97":{"start":{"line":236,"column":12},"end":{"line":236,"column":78}},"98":{"start":{"line":237,"column":12},"end":{"line":237,"column":42}},"99":{"start":{"line":239,"column":8},"end":{"line":243,"column":9}},"100":{"start":{"line":240,"column":12},"end":{"line":240,"column":61}},"101":{"start":{"line":241,"column":12},"end":{"line":241,"column":78}},"102":{"start":{"line":242,"column":12},"end":{"line":242,"column":42}},"103":{"start":{"line":247,"column":8},"end":{"line":247,"column":34}},"104":{"start":{"line":251,"column":8},"end":{"line":251,"column":34}},"105":{"start":{"line":258,"column":4},"end":{"line":258,"column":29}},"106":{"start":{"line":260,"column":0},"end":{"line":327,"column":2}},"107":{"start":{"line":271,"column":8},"end":{"line":271,"column":40}},"108":{"start":{"line":274,"column":23},"end":{"line":274,"column":49}},"109":{"start":{"line":275,"column":8},"end":{"line":275,"column":28}},"110":{"start":{"line":277,"column":21},"end":{"line":277,"column":48}},"111":{"start":{"line":279,"column":8},"end":{"line":279,"column":76}},"112":{"start":{"line":280,"column":8},"end":{"line":280,"column":45}},"113":{"start":{"line":281,"column":8},"end":{"line":281,"column":46}},"114":{"start":{"line":283,"column":8},"end":{"line":283,"column":42}},"115":{"start":{"line":284,"column":8},"end":{"line":284,"column":42}},"116":{"start":{"line":288,"column":8},"end":{"line":293,"column":11}},"117":{"start":{"line":289,"column":12},"end":{"line":292,"column":13}},"118":{"start":{"line":290,"column":16},"end":{"line":290,"column":44}},"119":{"start":{"line":291,"column":16},"end":{"line":291,"column":48}},"120":{"start":{"line":297,"column":8},"end":{"line":297,"column":28}},"121":{"start":{"line":298,"column":8},"end":{"line":298,"column":28}},"122":{"start":{"line":301,"column":8},"end":{"line":308,"column":9}},"123":{"start":{"line":302,"column":12},"end":{"line":302,"column":43}},"124":{"start":{"line":303,"column":12},"end":{"line":303,"column":24}},"125":{"start":{"line":305,"column":12},"end":{"line":305,"column":40}},"126":{"start":{"line":307,"column":12},"end":{"line":307,"column":26}},"127":{"start":{"line":312,"column":20},"end":{"line":312,"column":33}},"128":{"start":{"line":313,"column":8},"end":{"line":315,"column":11}},"129":{"start":{"line":314,"column":12},"end":{"line":314,"column":29}},"130":{"start":{"line":317,"column":8},"end":{"line":317,"column":32}},"131":{"start":{"line":319,"column":8},"end":{"line":319,"column":43}},"132":{"start":{"line":320,"column":8},"end":{"line":320,"column":42}},"133":{"start":{"line":322,"column":8},"end":{"line":322,"column":38}},"134":{"start":{"line":325,"column":8},"end":{"line":325,"column":66}},"135":{"start":{"line":331,"column":18},"end":{"line":349,"column":5}},"136":{"start":{"line":333,"column":20},"end":{"line":333,"column":39}},"137":{"start":{"line":334,"column":22},"end":{"line":334,"column":42}},"138":{"start":{"line":335,"column":12},"end":{"line":346,"column":14}},"139":{"start":{"line":351,"column":20},"end":{"line":355,"column":5}},"140":{"start":{"line":356,"column":4},"end":{"line":382,"column":5}},"141":{"start":{"line":357,"column":8},"end":{"line":357,"column":34}},"142":{"start":{"line":358,"column":17},"end":{"line":358,"column":50}},"143":{"start":{"line":359,"column":8},"end":{"line":362,"column":9}},"144":{"start":{"line":361,"column":12},"end":{"line":361,"column":36}},"145":{"start":{"line":363,"column":8},"end":{"line":366,"column":9}},"146":{"start":{"line":365,"column":12},"end":{"line":365,"column":36}},"147":{"start":{"line":367,"column":8},"end":{"line":370,"column":9}},"148":{"start":{"line":369,"column":12},"end":{"line":369,"column":36}},"149":{"start":{"line":371,"column":8},"end":{"line":374,"column":9}},"150":{"start":{"line":373,"column":12},"end":{"line":373,"column":38}},"151":{"start":{"line":375,"column":8},"end":{"line":378,"column":9}},"152":{"start":{"line":377,"column":12},"end":{"line":377,"column":39}},"153":{"start":{"line":381,"column":8},"end":{"line":381,"column":33}},"154":{"start":{"line":383,"column":4},"end":{"line":383,"column":21}},"155":{"start":{"line":390,"column":4},"end":{"line":390,"column":28}},"156":{"start":{"line":392,"column":0},"end":{"line":407,"column":2}},"157":{"start":{"line":401,"column":19},"end":{"line":401,"column":21}},"158":{"start":{"line":402,"column":8},"end":{"line":404,"column":11}},"159":{"start":{"line":403,"column":12},"end":{"line":403,"column":30}},"160":{"start":{"line":405,"column":8},"end":{"line":405,"column":20}},"161":{"start":{"line":411,"column":17},"end":{"line":411,"column":32}},"162":{"start":{"line":412,"column":4},"end":{"line":412,"column":16}},"163":{"start":{"line":418,"column":14},"end":{"line":418,"column":23}},"164":{"start":{"line":419,"column":16},"end":{"line":419,"column":20}},"165":{"start":{"line":420,"column":18},"end":{"line":420,"column":26}},"166":{"start":{"line":421,"column":21},"end":{"line":421,"column":33}},"167":{"start":{"line":423,"column":13},"end":{"line":423,"column":24}},"168":{"start":{"line":425,"column":4},"end":{"line":425,"column":52}},"169":{"start":{"line":428,"column":19},"end":{"line":428,"column":26}},"170":{"start":{"line":429,"column":4},"end":{"line":429,"column":20}},"171":{"start":{"line":431,"column":18},"end":{"line":431,"column":20}},"172":{"start":{"line":432,"column":13},"end":{"line":432,"column":14}},"173":{"start":{"line":433,"column":4},"end":{"line":436,"column":5}},"174":{"start":{"line":434,"column":8},"end":{"line":434,"column":25}},"175":{"start":{"line":435,"column":8},"end":{"line":435,"column":13}},"176":{"start":{"line":438,"column":21},"end":{"line":438,"column":23}},"177":{"start":{"line":439,"column":20},"end":{"line":439,"column":48}},"178":{"start":{"line":441,"column":4},"end":{"line":441,"column":67}},"179":{"start":{"line":444,"column":4},"end":{"line":452,"column":5}},"180":{"start":{"line":445,"column":8},"end":{"line":451,"column":9}},"181":{"start":{"line":446,"column":23},"end":{"line":446,"column":73}},"182":{"start":{"line":447,"column":12},"end":{"line":447,"column":52}},"183":{"start":{"line":449,"column":23},"end":{"line":449,"column":63}},"184":{"start":{"line":450,"column":12},"end":{"line":450,"column":42}},"185":{"start":{"line":455,"column":15},"end":{"line":455,"column":17}},"186":{"start":{"line":456,"column":15},"end":{"line":456,"column":34}},"187":{"start":{"line":457,"column":4},"end":{"line":460,"column":7}},"188":{"start":{"line":458,"column":22},"end":{"line":458,"column":42}},"189":{"start":{"line":459,"column":8},"end":{"line":459,"column":31}},"190":{"start":{"line":462,"column":4},"end":{"line":462,"column":16}},"191":{"start":{"line":468,"column":16},"end":{"line":468,"column":44}},"192":{"start":{"line":469,"column":16},"end":{"line":469,"column":28}},"193":{"start":{"line":471,"column":16},"end":{"line":471,"column":44}},"194":{"start":{"line":472,"column":16},"end":{"line":472,"column":28}},"195":{"start":{"line":474,"column":18},"end":{"line":474,"column":32}},"196":{"start":{"line":476,"column":20},"end":{"line":476,"column":22}},"197":{"start":{"line":478,"column":4},"end":{"line":490,"column":7}},"198":{"start":{"line":479,"column":8},"end":{"line":479,"column":31}},"199":{"start":{"line":480,"column":8},"end":{"line":489,"column":9}},"200":{"start":{"line":481,"column":12},"end":{"line":481,"column":35}},"201":{"start":{"line":482,"column":12},"end":{"line":482,"column":45}},"202":{"start":{"line":483,"column":15},"end":{"line":489,"column":9}},"203":{"start":{"line":484,"column":12},"end":{"line":484,"column":35}},"204":{"start":{"line":485,"column":12},"end":{"line":485,"column":45}},"205":{"start":{"line":488,"column":12},"end":{"line":488,"column":32}},"206":{"start":{"line":492,"column":4},"end":{"line":492,"column":30}},"207":{"start":{"line":498,"column":4},"end":{"line":601,"column":5}},"208":{"start":{"line":501,"column":8},"end":{"line":515,"column":10}},"209":{"start":{"line":503,"column":22},"end":{"line":503,"column":30}},"210":{"start":{"line":505,"column":12},"end":{"line":513,"column":13}},"211":{"start":{"line":506,"column":16},"end":{"line":512,"column":17}},"212":{"start":{"line":507,"column":20},"end":{"line":511,"column":21}},"213":{"start":{"line":508,"column":24},"end":{"line":508,"column":37}},"214":{"start":{"line":509,"column":24},"end":{"line":509,"column":44}},"215":{"start":{"line":510,"column":24},"end":{"line":510,"column":41}},"216":{"start":{"line":514,"column":12},"end":{"line":514,"column":23}},"217":{"start":{"line":517,"column":8},"end":{"line":529,"column":10}},"218":{"start":{"line":518,"column":22},"end":{"line":518,"column":30}},"219":{"start":{"line":519,"column":23},"end":{"line":519,"column":31}},"220":{"start":{"line":521,"column":12},"end":{"line":527,"column":15}},"221":{"start":{"line":522,"column":16},"end":{"line":526,"column":17}},"222":{"start":{"line":523,"column":20},"end":{"line":525,"column":21}},"223":{"start":{"line":524,"column":24},"end":{"line":524,"column":47}},"224":{"start":{"line":528,"column":12},"end":{"line":528,"column":24}},"225":{"start":{"line":532,"column":8},"end":{"line":563,"column":10}},"226":{"start":{"line":533,"column":22},"end":{"line":533,"column":30}},"227":{"start":{"line":534,"column":29},"end":{"line":534,"column":55}},"228":{"start":{"line":535,"column":20},"end":{"line":535,"column":21}},"229":{"start":{"line":536,"column":20},"end":{"line":536,"column":21}},"230":{"start":{"line":538,"column":12},"end":{"line":545,"column":13}},"231":{"start":{"line":539,"column":16},"end":{"line":539,"column":33}},"232":{"start":{"line":540,"column":16},"end":{"line":544,"column":17}},"233":{"start":{"line":541,"column":20},"end":{"line":541,"column":31}},"234":{"start":{"line":542,"column":20},"end":{"line":542,"column":36}},"235":{"start":{"line":543,"column":20},"end":{"line":543,"column":31}},"236":{"start":{"line":547,"column":12},"end":{"line":553,"column":13}},"237":{"start":{"line":548,"column":16},"end":{"line":552,"column":17}},"238":{"start":{"line":549,"column":20},"end":{"line":549,"column":31}},"239":{"start":{"line":550,"column":20},"end":{"line":550,"column":40}},"240":{"start":{"line":551,"column":20},"end":{"line":551,"column":35}},"241":{"start":{"line":555,"column":12},"end":{"line":561,"column":13}},"242":{"start":{"line":556,"column":16},"end":{"line":560,"column":17}},"243":{"start":{"line":557,"column":20},"end":{"line":557,"column":31}},"244":{"start":{"line":558,"column":20},"end":{"line":558,"column":40}},"245":{"start":{"line":559,"column":20},"end":{"line":559,"column":35}},"246":{"start":{"line":562,"column":12},"end":{"line":562,"column":23}},"247":{"start":{"line":565,"column":8},"end":{"line":598,"column":10}},"248":{"start":{"line":566,"column":22},"end":{"line":566,"column":30}},"249":{"start":{"line":570,"column":26},"end":{"line":570,"column":28}},"250":{"start":{"line":571,"column":26},"end":{"line":571,"column":28}},"251":{"start":{"line":573,"column":35},"end":{"line":573,"column":61}},"252":{"start":{"line":574,"column":29},"end":{"line":574,"column":44}},"253":{"start":{"line":576,"column":16},"end":{"line":584,"column":17}},"254":{"start":{"line":577,"column":20},"end":{"line":583,"column":21}},"255":{"start":{"line":578,"column":24},"end":{"line":578,"column":33}},"256":{"start":{"line":579,"column":27},"end":{"line":583,"column":21}},"257":{"start":{"line":580,"column":24},"end":{"line":580,"column":41}},"258":{"start":{"line":582,"column":24},"end":{"line":582,"column":41}},"259":{"start":{"line":586,"column":16},"end":{"line":588,"column":17}},"260":{"start":{"line":587,"column":20},"end":{"line":587,"column":34}},"261":{"start":{"line":589,"column":16},"end":{"line":591,"column":17}},"262":{"start":{"line":590,"column":20},"end":{"line":590,"column":34}},"263":{"start":{"line":593,"column":16},"end":{"line":593,"column":31}},"264":{"start":{"line":594,"column":16},"end":{"line":594,"column":39}},"265":{"start":{"line":600,"column":8},"end":{"line":600,"column":31}}},"fnMap":{"0":{"name":"assert","decl":{"start":{"line":3,"column":9},"end":{"line":3,"column":15}},"loc":{"start":{"line":3,"column":55},"end":{"line":11,"column":1}},"line":3},"1":{"name":"strSelect","decl":{"start":{"line":13,"column":9},"end":{"line":13,"column":18}},"loc":{"start":{"line":13,"column":36},"end":{"line":20,"column":1}},"line":13},"2":{"name":"dictSort","decl":{"start":{"line":22,"column":9},"end":{"line":22,"column":17}},"loc":{"start":{"line":22,"column":28},"end":{"line":35,"column":1}},"line":22},"3":{"name":"(anonymous_3)","decl":{"start":{"line":26,"column":13},"end":{"line":26,"column":14}},"loc":{"start":{"line":26,"column":28},"end":{"line":34,"column":5}},"line":26},"4":{"name":"updateDict","decl":{"start":{"line":37,"column":9},"end":{"line":37,"column":19}},"loc":{"start":{"line":37,"column":34},"end":{"line":45,"column":1}},"line":37},"5":{"name":"varType","decl":{"start":{"line":47,"column":16},"end":{"line":47,"column":23}},"loc":{"start":{"line":47,"column":29},"end":{"line":61,"column":1}},"line":47},"6":{"name":"multiConcat","decl":{"start":{"line":63,"column":9},"end":{"line":63,"column":20}},"loc":{"start":{"line":63,"column":26},"end":{"line":74,"column":1}},"line":63},"7":{"name":"(anonymous_7)","decl":{"start":{"line":66,"column":16},"end":{"line":66,"column":17}},"loc":{"start":{"line":66,"column":23},"end":{"line":72,"column":5}},"line":66},"8":{"name":"createArr","decl":{"start":{"line":85,"column":9},"end":{"line":85,"column":18}},"loc":{"start":{"line":85,"column":29},"end":{"line":98,"column":1}},"line":85},"9":{"name":"padeArr","decl":{"start":{"line":100,"column":9},"end":{"line":100,"column":16}},"loc":{"start":{"line":100,"column":34},"end":{"line":110,"column":1}},"line":100},"10":{"name":"distribute","decl":{"start":{"line":115,"column":9},"end":{"line":115,"column":19}},"loc":{"start":{"line":115,"column":25},"end":{"line":132,"column":1}},"line":115},"11":{"name":"Node","decl":{"start":{"line":136,"column":9},"end":{"line":136,"column":13}},"loc":{"start":{"line":136,"column":42},"end":{"line":149,"column":1}},"line":136},"12":{"name":"LinList","decl":{"start":{"line":151,"column":9},"end":{"line":151,"column":16}},"loc":{"start":{"line":151,"column":23},"end":{"line":159,"column":1}},"line":151},"13":{"name":"(anonymous_13)","decl":{"start":{"line":164,"column":12},"end":{"line":164,"column":13}},"loc":{"start":{"line":164,"column":27},"end":{"line":218,"column":5}},"line":164},"14":{"name":"(anonymous_14)","decl":{"start":{"line":168,"column":27},"end":{"line":168,"column":28}},"loc":{"start":{"line":168,"column":33},"end":{"line":170,"column":9}},"line":168},"15":{"name":"(anonymous_15)","decl":{"start":{"line":221,"column":27},"end":{"line":221,"column":28}},"loc":{"start":{"line":221,"column":42},"end":{"line":225,"column":9}},"line":221},"16":{"name":"Tree","decl":{"start":{"line":256,"column":9},"end":{"line":256,"column":13}},"loc":{"start":{"line":256,"column":21},"end":{"line":259,"column":1}},"line":256},"17":{"name":"(anonymous_17)","decl":{"start":{"line":269,"column":12},"end":{"line":269,"column":13}},"loc":{"start":{"line":269,"column":23},"end":{"line":309,"column":5}},"line":269},"18":{"name":"(anonymous_18)","decl":{"start":{"line":288,"column":45},"end":{"line":288,"column":46}},"loc":{"start":{"line":288,"column":52},"end":{"line":293,"column":9}},"line":288},"19":{"name":"(anonymous_19)","decl":{"start":{"line":313,"column":34},"end":{"line":313,"column":35}},"loc":{"start":{"line":313,"column":40},"end":{"line":315,"column":9}},"line":313},"20":{"name":"env","decl":{"start":{"line":329,"column":9},"end":{"line":329,"column":12}},"loc":{"start":{"line":329,"column":15},"end":{"line":385,"column":1}},"line":329},"21":{"name":"(anonymous_21)","decl":{"start":{"line":332,"column":18},"end":{"line":332,"column":19}},"loc":{"start":{"line":332,"column":29},"end":{"line":347,"column":9}},"line":332},"22":{"name":"Matrix","decl":{"start":{"line":389,"column":9},"end":{"line":389,"column":15}},"loc":{"start":{"line":389,"column":22},"end":{"line":391,"column":1}},"line":389},"23":{"name":"(anonymous_23)","decl":{"start":{"line":393,"column":14},"end":{"line":393,"column":15}},"loc":{"start":{"line":393,"column":25},"end":{"line":395,"column":5}},"line":393},"24":{"name":"(anonymous_24)","decl":{"start":{"line":396,"column":10},"end":{"line":396,"column":11}},"loc":{"start":{"line":396,"column":22},"end":{"line":398,"column":5}},"line":396},"25":{"name":"(anonymous_25)","decl":{"start":{"line":399,"column":9},"end":{"line":399,"column":10}},"loc":{"start":{"line":399,"column":21},"end":{"line":406,"column":5}},"line":399},"26":{"name":"(anonymous_26)","decl":{"start":{"line":402,"column":28},"end":{"line":402,"column":29}},"loc":{"start":{"line":402,"column":37},"end":{"line":404,"column":9}},"line":402},"27":{"name":"ArrayOP","decl":{"start":{"line":409,"column":9},"end":{"line":409,"column":16}},"loc":{"start":{"line":409,"column":22},"end":{"line":413,"column":1}},"line":409},"28":{"name":"positionPass","decl":{"start":{"line":417,"column":9},"end":{"line":417,"column":21}},"loc":{"start":{"line":417,"column":28},"end":{"line":464,"column":1}},"line":417},"29":{"name":"(anonymous_29)","decl":{"start":{"line":457,"column":21},"end":{"line":457,"column":22}},"loc":{"start":{"line":457,"column":30},"end":{"line":460,"column":5}},"line":457},"30":{"name":"replacePass","decl":{"start":{"line":466,"column":9},"end":{"line":466,"column":20}},"loc":{"start":{"line":466,"column":27},"end":{"line":493,"column":1}},"line":466},"31":{"name":"(anonymous_31)","decl":{"start":{"line":478,"column":18},"end":{"line":478,"column":19}},"loc":{"start":{"line":478,"column":31},"end":{"line":490,"column":5}},"line":478},"32":{"name":"SortTrain","decl":{"start":{"line":497,"column":9},"end":{"line":497,"column":18}},"loc":{"start":{"line":497,"column":21},"end":{"line":602,"column":1}},"line":497},"33":{"name":"(anonymous_33)","decl":{"start":{"line":501,"column":22},"end":{"line":501,"column":23}},"loc":{"start":{"line":501,"column":36},"end":{"line":515,"column":9}},"line":501},"34":{"name":"(anonymous_34)","decl":{"start":{"line":517,"column":22},"end":{"line":517,"column":23}},"loc":{"start":{"line":517,"column":36},"end":{"line":529,"column":9}},"line":517},"35":{"name":"(anonymous_35)","decl":{"start":{"line":521,"column":24},"end":{"line":521,"column":25}},"loc":{"start":{"line":521,"column":33},"end":{"line":527,"column":13}},"line":521},"36":{"name":"(anonymous_36)","decl":{"start":{"line":532,"column":18},"end":{"line":532,"column":19}},"loc":{"start":{"line":532,"column":32},"end":{"line":563,"column":9}},"line":532},"37":{"name":"(anonymous_37)","decl":{"start":{"line":565,"column":23},"end":{"line":565,"column":24}},"loc":{"start":{"line":565,"column":37},"end":{"line":598,"column":9}},"line":565},"38":{"name":"dg","decl":{"start":{"line":569,"column":21},"end":{"line":569,"column":23}},"loc":{"start":{"line":569,"column":29},"end":{"line":596,"column":13}},"line":569}},"branchMap":{"0":{"loc":{"start":{"line":3,"column":27},"end":{"line":3,"column":46}},"type":"default-arg","locations":[{"start":{"line":3,"column":33},"end":{"line":3,"column":46}}],"line":3},"1":{"loc":{"start":{"line":5,"column":4},"end":{"line":10,"column":5}},"type":"if","locations":[{"start":{"line":5,"column":4},"end":{"line":10,"column":5}},{"start":{"line":5,"column":4},"end":{"line":10,"column":5}}],"line":5},"2":{"loc":{"start":{"line":6,"column":8},"end":{"line":8,"column":9}},"type":"if","locations":[{"start":{"line":6,"column":8},"end":{"line":8,"column":9}},{"start":{"line":6,"column":8},"end":{"line":8,"column":9}}],"line":6},"3":{"loc":{"start":{"line":15,"column":4},"end":{"line":15,"column":25}},"type":"if","locations":[{"start":{"line":15,"column":4},"end":{"line":15,"column":25}},{"start":{"line":15,"column":4},"end":{"line":15,"column":25}}],"line":15},"4":{"loc":{"start":{"line":16,"column":19},"end":{"line":16,"column":29}},"type":"binary-expr","locations":[{"start":{"line":16,"column":19},"end":{"line":16,"column":24}},{"start":{"line":16,"column":28},"end":{"line":16,"column":29}}],"line":16},"5":{"loc":{"start":{"line":17,"column":17},"end":{"line":17,"column":34}},"type":"binary-expr","locations":[{"start":{"line":17,"column":17},"end":{"line":17,"column":20}},{"start":{"line":17,"column":24},"end":{"line":17,"column":34}}],"line":17},"6":{"loc":{"start":{"line":27,"column":8},"end":{"line":33,"column":9}},"type":"if","locations":[{"start":{"line":27,"column":8},"end":{"line":33,"column":9}},{"start":{"line":27,"column":8},"end":{"line":33,"column":9}}],"line":27},"7":{"loc":{"start":{"line":29,"column":15},"end":{"line":33,"column":9}},"type":"if","locations":[{"start":{"line":29,"column":15},"end":{"line":33,"column":9}},{"start":{"line":29,"column":15},"end":{"line":33,"column":9}}],"line":29},"8":{"loc":{"start":{"line":50,"column":4},"end":{"line":60,"column":5}},"type":"if","locations":[{"start":{"line":50,"column":4},"end":{"line":60,"column":5}},{"start":{"line":50,"column":4},"end":{"line":60,"column":5}}],"line":50},"9":{"loc":{"start":{"line":51,"column":8},"end":{"line":57,"column":9}},"type":"if","locations":[{"start":{"line":51,"column":8},"end":{"line":57,"column":9}},{"start":{"line":51,"column":8},"end":{"line":57,"column":9}}],"line":51},"10":{"loc":{"start":{"line":53,"column":15},"end":{"line":57,"column":9}},"type":"if","locations":[{"start":{"line":53,"column":15},"end":{"line":57,"column":9}},{"start":{"line":53,"column":15},"end":{"line":57,"column":9}}],"line":53},"11":{"loc":{"start":{"line":67,"column":8},"end":{"line":71,"column":9}},"type":"if","locations":[{"start":{"line":67,"column":8},"end":{"line":71,"column":9}},{"start":{"line":67,"column":8},"end":{"line":71,"column":9}}],"line":67},"12":{"loc":{"start":{"line":89,"column":8},"end":{"line":95,"column":9}},"type":"if","locations":[{"start":{"line":89,"column":8},"end":{"line":95,"column":9}},{"start":{"line":89,"column":8},"end":{"line":95,"column":9}}],"line":89},"13":{"loc":{"start":{"line":91,"column":15},"end":{"line":95,"column":9}},"type":"if","locations":[{"start":{"line":91,"column":15},"end":{"line":95,"column":9}},{"start":{"line":91,"column":15},"end":{"line":95,"column":9}}],"line":91},"14":{"loc":{"start":{"line":103,"column":17},"end":{"line":103,"column":26}},"type":"binary-expr","locations":[{"start":{"line":103,"column":17},"end":{"line":103,"column":20}},{"start":{"line":103,"column":24},"end":{"line":103,"column":26}}],"line":103},"15":{"loc":{"start":{"line":104,"column":17},"end":{"line":104,"column":25}},"type":"binary-expr","locations":[{"start":{"line":104,"column":17},"end":{"line":104,"column":20}},{"start":{"line":104,"column":24},"end":{"line":104,"column":25}}],"line":104},"16":{"loc":{"start":{"line":120,"column":8},"end":{"line":122,"column":9}},"type":"if","locations":[{"start":{"line":120,"column":8},"end":{"line":122,"column":9}},{"start":{"line":120,"column":8},"end":{"line":122,"column":9}}],"line":120},"17":{"loc":{"start":{"line":126,"column":8},"end":{"line":128,"column":9}},"type":"if","locations":[{"start":{"line":126,"column":8},"end":{"line":128,"column":9}},{"start":{"line":126,"column":8},"end":{"line":128,"column":9}}],"line":126},"18":{"loc":{"start":{"line":126,"column":12},"end":{"line":126,"column":48}},"type":"binary-expr","locations":[{"start":{"line":126,"column":12},"end":{"line":126,"column":31}},{"start":{"line":126,"column":35},"end":{"line":126,"column":48}}],"line":126},"19":{"loc":{"start":{"line":141,"column":16},"end":{"line":141,"column":26}},"type":"binary-expr","locations":[{"start":{"line":141,"column":16},"end":{"line":141,"column":20}},{"start":{"line":141,"column":24},"end":{"line":141,"column":26}}],"line":141},"20":{"loc":{"start":{"line":142,"column":18},"end":{"line":142,"column":30}},"type":"binary-expr","locations":[{"start":{"line":142,"column":18},"end":{"line":142,"column":24}},{"start":{"line":142,"column":28},"end":{"line":142,"column":30}}],"line":142},"21":{"loc":{"start":{"line":147,"column":18},"end":{"line":147,"column":29}},"type":"binary-expr","locations":[{"start":{"line":147,"column":18},"end":{"line":147,"column":24}},{"start":{"line":147,"column":28},"end":{"line":147,"column":29}}],"line":147},"22":{"loc":{"start":{"line":148,"column":16},"end":{"line":148,"column":28}},"type":"binary-expr","locations":[{"start":{"line":148,"column":16},"end":{"line":148,"column":20}},{"start":{"line":148,"column":24},"end":{"line":148,"column":28}}],"line":148},"23":{"loc":{"start":{"line":158,"column":17},"end":{"line":158,"column":38}},"type":"binary-expr","locations":[{"start":{"line":158,"column":17},"end":{"line":158,"column":21}},{"start":{"line":158,"column":25},"end":{"line":158,"column":38}}],"line":158},"24":{"loc":{"start":{"line":181,"column":8},"end":{"line":194,"column":9}},"type":"if","locations":[{"start":{"line":181,"column":8},"end":{"line":194,"column":9}},{"start":{"line":181,"column":8},"end":{"line":194,"column":9}}],"line":181},"25":{"loc":{"start":{"line":189,"column":12},"end":{"line":193,"column":13}},"type":"if","locations":[{"start":{"line":189,"column":12},"end":{"line":193,"column":13}},{"start":{"line":189,"column":12},"end":{"line":193,"column":13}}],"line":189},"26":{"loc":{"start":{"line":196,"column":8},"end":{"line":203,"column":9}},"type":"if","locations":[{"start":{"line":196,"column":8},"end":{"line":203,"column":9}},{"start":{"line":196,"column":8},"end":{"line":203,"column":9}}],"line":196},"27":{"loc":{"start":{"line":205,"column":8},"end":{"line":212,"column":9}},"type":"if","locations":[{"start":{"line":205,"column":8},"end":{"line":212,"column":9}},{"start":{"line":205,"column":8},"end":{"line":212,"column":9}}],"line":205},"28":{"loc":{"start":{"line":222,"column":12},"end":{"line":224,"column":13}},"type":"if","locations":[{"start":{"line":222,"column":12},"end":{"line":224,"column":13}},{"start":{"line":222,"column":12},"end":{"line":224,"column":13}}],"line":222},"29":{"loc":{"start":{"line":234,"column":8},"end":{"line":238,"column":9}},"type":"if","locations":[{"start":{"line":234,"column":8},"end":{"line":238,"column":9}},{"start":{"line":234,"column":8},"end":{"line":238,"column":9}}],"line":234},"30":{"loc":{"start":{"line":236,"column":26},"end":{"line":236,"column":77}},"type":"cond-expr","locations":[{"start":{"line":236,"column":53},"end":{"line":236,"column":63}},{"start":{"line":236,"column":66},"end":{"line":236,"column":77}}],"line":236},"31":{"loc":{"start":{"line":239,"column":8},"end":{"line":243,"column":9}},"type":"if","locations":[{"start":{"line":239,"column":8},"end":{"line":243,"column":9}},{"start":{"line":239,"column":8},"end":{"line":243,"column":9}}],"line":239},"32":{"loc":{"start":{"line":241,"column":26},"end":{"line":241,"column":77}},"type":"cond-expr","locations":[{"start":{"line":241,"column":53},"end":{"line":241,"column":63}},{"start":{"line":241,"column":66},"end":{"line":241,"column":77}}],"line":241},"33":{"loc":{"start":{"line":289,"column":12},"end":{"line":292,"column":13}},"type":"if","locations":[{"start":{"line":289,"column":12},"end":{"line":292,"column":13}},{"start":{"line":289,"column":12},"end":{"line":292,"column":13}}],"line":289},"34":{"loc":{"start":{"line":301,"column":8},"end":{"line":308,"column":9}},"type":"if","locations":[{"start":{"line":301,"column":8},"end":{"line":308,"column":9}},{"start":{"line":301,"column":8},"end":{"line":308,"column":9}}],"line":301},"35":{"loc":{"start":{"line":339,"column":23},"end":{"line":339,"column":75}},"type":"binary-expr","locations":[{"start":{"line":339,"column":23},"end":{"line":339,"column":46}},{"start":{"line":339,"column":50},"end":{"line":339,"column":75}}],"line":339},"36":{"loc":{"start":{"line":342,"column":25},"end":{"line":342,"column":77}},"type":"binary-expr","locations":[{"start":{"line":342,"column":25},"end":{"line":342,"column":50}},{"start":{"line":342,"column":54},"end":{"line":342,"column":77}}],"line":342},"37":{"loc":{"start":{"line":348,"column":19},"end":{"line":348,"column":66}},"type":"binary-expr","locations":[{"start":{"line":348,"column":19},"end":{"line":348,"column":44}},{"start":{"line":348,"column":48},"end":{"line":348,"column":66}}],"line":348},"38":{"loc":{"start":{"line":356,"column":4},"end":{"line":382,"column":5}},"type":"if","locations":[{"start":{"line":356,"column":4},"end":{"line":382,"column":5}},{"start":{"line":356,"column":4},"end":{"line":382,"column":5}}],"line":356},"39":{"loc":{"start":{"line":359,"column":8},"end":{"line":362,"column":9}},"type":"if","locations":[{"start":{"line":359,"column":8},"end":{"line":362,"column":9}},{"start":{"line":359,"column":8},"end":{"line":362,"column":9}}],"line":359},"40":{"loc":{"start":{"line":363,"column":8},"end":{"line":366,"column":9}},"type":"if","locations":[{"start":{"line":363,"column":8},"end":{"line":366,"column":9}},{"start":{"line":363,"column":8},"end":{"line":366,"column":9}}],"line":363},"41":{"loc":{"start":{"line":367,"column":8},"end":{"line":370,"column":9}},"type":"if","locations":[{"start":{"line":367,"column":8},"end":{"line":370,"column":9}},{"start":{"line":367,"column":8},"end":{"line":370,"column":9}}],"line":367},"42":{"loc":{"start":{"line":371,"column":8},"end":{"line":374,"column":9}},"type":"if","locations":[{"start":{"line":371,"column":8},"end":{"line":374,"column":9}},{"start":{"line":371,"column":8},"end":{"line":374,"column":9}}],"line":371},"43":{"loc":{"start":{"line":375,"column":8},"end":{"line":378,"column":9}},"type":"if","locations":[{"start":{"line":375,"column":8},"end":{"line":378,"column":9}},{"start":{"line":375,"column":8},"end":{"line":378,"column":9}}],"line":375},"44":{"loc":{"start":{"line":441,"column":16},"end":{"line":441,"column":66}},"type":"cond-expr","locations":[{"start":{"line":441,"column":41},"end":{"line":441,"column":50}},{"start":{"line":441,"column":53},"end":{"line":441,"column":66}}],"line":441},"45":{"loc":{"start":{"line":445,"column":8},"end":{"line":451,"column":9}},"type":"if","locations":[{"start":{"line":445,"column":8},"end":{"line":451,"column":9}},{"start":{"line":445,"column":8},"end":{"line":451,"column":9}}],"line":445},"46":{"loc":{"start":{"line":480,"column":8},"end":{"line":489,"column":9}},"type":"if","locations":[{"start":{"line":480,"column":8},"end":{"line":489,"column":9}},{"start":{"line":480,"column":8},"end":{"line":489,"column":9}}],"line":480},"47":{"loc":{"start":{"line":483,"column":15},"end":{"line":489,"column":9}},"type":"if","locations":[{"start":{"line":483,"column":15},"end":{"line":489,"column":9}},{"start":{"line":483,"column":15},"end":{"line":489,"column":9}}],"line":483},"48":{"loc":{"start":{"line":498,"column":4},"end":{"line":601,"column":5}},"type":"if","locations":[{"start":{"line":498,"column":4},"end":{"line":601,"column":5}},{"start":{"line":498,"column":4},"end":{"line":601,"column":5}}],"line":498},"49":{"loc":{"start":{"line":507,"column":20},"end":{"line":511,"column":21}},"type":"if","locations":[{"start":{"line":507,"column":20},"end":{"line":511,"column":21}},{"start":{"line":507,"column":20},"end":{"line":511,"column":21}}],"line":507},"50":{"loc":{"start":{"line":523,"column":20},"end":{"line":525,"column":21}},"type":"if","locations":[{"start":{"line":523,"column":20},"end":{"line":525,"column":21}},{"start":{"line":523,"column":20},"end":{"line":525,"column":21}}],"line":523},"51":{"loc":{"start":{"line":540,"column":16},"end":{"line":544,"column":17}},"type":"if","locations":[{"start":{"line":540,"column":16},"end":{"line":544,"column":17}},{"start":{"line":540,"column":16},"end":{"line":544,"column":17}}],"line":540},"52":{"loc":{"start":{"line":548,"column":16},"end":{"line":552,"column":17}},"type":"if","locations":[{"start":{"line":548,"column":16},"end":{"line":552,"column":17}},{"start":{"line":548,"column":16},"end":{"line":552,"column":17}}],"line":548},"53":{"loc":{"start":{"line":548,"column":20},"end":{"line":548,"column":61}},"type":"binary-expr","locations":[{"start":{"line":548,"column":20},"end":{"line":548,"column":38}},{"start":{"line":548,"column":42},"end":{"line":548,"column":61}}],"line":548},"54":{"loc":{"start":{"line":556,"column":16},"end":{"line":560,"column":17}},"type":"if","locations":[{"start":{"line":556,"column":16},"end":{"line":560,"column":17}},{"start":{"line":556,"column":16},"end":{"line":560,"column":17}}],"line":556},"55":{"loc":{"start":{"line":556,"column":20},"end":{"line":556,"column":61}},"type":"binary-expr","locations":[{"start":{"line":556,"column":20},"end":{"line":556,"column":38}},{"start":{"line":556,"column":42},"end":{"line":556,"column":61}}],"line":556},"56":{"loc":{"start":{"line":577,"column":20},"end":{"line":583,"column":21}},"type":"if","locations":[{"start":{"line":577,"column":20},"end":{"line":583,"column":21}},{"start":{"line":577,"column":20},"end":{"line":583,"column":21}}],"line":577},"57":{"loc":{"start":{"line":579,"column":27},"end":{"line":583,"column":21}},"type":"if","locations":[{"start":{"line":579,"column":27},"end":{"line":583,"column":21}},{"start":{"line":579,"column":27},"end":{"line":583,"column":21}}],"line":579},"58":{"loc":{"start":{"line":586,"column":16},"end":{"line":588,"column":17}},"type":"if","locations":[{"start":{"line":586,"column":16},"end":{"line":588,"column":17}},{"start":{"line":586,"column":16},"end":{"line":588,"column":17}}],"line":586},"59":{"loc":{"start":{"line":589,"column":16},"end":{"line":591,"column":17}},"type":"if","locations":[{"start":{"line":589,"column":16},"end":{"line":591,"column":17}},{"start":{"line":589,"column":16},"end":{"line":591,"column":17}}],"line":589}},"s":{"0":0,"1":0,"2":0,"3":0,"4":0,"5":0,"6":0,"7":0,"8":0,"9":0,"10":0,"11":0,"12":0,"13":0,"14":0,"15":0,"16":0,"17":0,"18":0,"19":0,"20":0,"21":1,"22":1,"23":0,"24":0,"25":0,"26":0,"27":0,"28":1,"29":0,"30":0,"31":0,"32":0,"33":0,"34":0,"35":0,"36":0,"37":0,"38":0,"39":0,"40":0,"41":0,"42":0,"43":0,"44":0,"45":0,"46":0,"47":0,"48":0,"49":0,"50":0,"51":0,"52":0,"53":0,"54":0,"55":0,"56":0,"57":0,"58":0,"59":0,"60":0,"61":0,"62":0,"63":0,"64":0,"65":0,"66":0,"67":1,"68":0,"69":0,"70":0,"71":0,"72":0,"73":0,"74":0,"75":0,"76":0,"77":0,"78":0,"79":0,"80":0,"81":0,"82":0,"83":0,"84":0,"85":0,"86":0,"87":0,"88":0,"89":0,"90":0,"91":0,"92":0,"93":0,"94":0,"95":0,"96":0,"97":0,"98":0,"99":0,"100":0,"101":0,"102":0,"103":0,"104":0,"105":0,"106":1,"107":0,"108":0,"109":0,"110":0,"111":0,"112":0,"113":0,"114":0,"115":0,"116":0,"117":0,"118":0,"119":0,"120":0,"121":0,"122":0,"123":0,"124":0,"125":0,"126":0,"127":0,"128":0,"129":0,"130":0,"131":0,"132":0,"133":0,"134":0,"135":0,"136":0,"137":0,"138":0,"139":0,"140":0,"141":0,"142":0,"143":0,"144":0,"145":0,"146":0,"147":0,"148":0,"149":0,"150":0,"151":0,"152":0,"153":0,"154":0,"155":0,"156":1,"157":0,"158":0,"159":0,"160":0,"161":0,"162":0,"163":0,"164":0,"165":0,"166":0,"167":0,"168":0,"169":0,"170":0,"171":0,"172":0,"173":0,"174":0,"175":0,"176":0,"177":0,"178":0,"179":0,"180":0,"181":0,"182":0,"183":0,"184":0,"185":0,"186":0,"187":0,"188":0,"189":0,"190":0,"191":0,"192":0,"193":0,"194":0,"195":0,"196":0,"197":0,"198":0,"199":0,"200":0,"201":0,"202":0,"203":0,"204":0,"205":0,"206":0,"207":0,"208":0,"209":0,"210":0,"211":0,"212":0,"213":0,"214":0,"215":0,"216":0,"217":0,"218":0,"219":0,"220":0,"221":0,"222":0,"223":0,"224":0,"225":0,"226":0,"227":0,"228":0,"229":0,"230":0,"231":0,"232":0,"233":0,"234":0,"235":0,"236":0,"237":0,"238":0,"239":0,"240":0,"241":0,"242":0,"243":0,"244":0,"245":0,"246":0,"247":0,"248":0,"249":0,"250":0,"251":0,"252":0,"253":0,"254":0,"255":0,"256":0,"257":0,"258":0,"259":0,"260":0,"261":0,"262":0,"263":0,"264":0,"265":0},"f":{"0":0,"1":0,"2":0,"3":0,"4":0,"5":1,"6":0,"7":0,"8":0,"9":0,"10":0,"11":0,"12":0,"13":0,"14":0,"15":0,"16":0,"17":0,"18":0,"19":0,"20":0,"21":0,"22":0,"23":0,"24":0,"25":0,"26":0,"27":0,"28":0,"29":0,"30":0,"31":0,"32":0,"33":0,"34":0,"35":0,"36":0,"37":0,"38":0},"b":{"0":[0],"1":[0,0],"2":[0,0],"3":[0,0],"4":[0,0],"5":[0,0],"6":[0,0],"7":[0,0],"8":[0,1],"9":[0,0],"10":[0,0],"11":[0,0],"12":[0,0],"13":[0,0],"14":[0,0],"15":[0,0],"16":[0,0],"17":[0,0],"18":[0,0],"19":[0,0],"20":[0,0],"21":[0,0],"22":[0,0],"23":[0,0],"24":[0,0],"25":[0,0],"26":[0,0],"27":[0,0],"28":[0,0],"29":[0,0],"30":[0,0],"31":[0,0],"32":[0,0],"33":[0,0],"34":[0,0],"35":[0,0],"36":[0,0],"37":[0,0],"38":[0,0],"39":[0,0],"40":[0,0],"41":[0,0],"42":[0,0],"43":[0,0],"44":[0,0],"45":[0,0],"46":[0,0],"47":[0,0],"48":[0,0],"49":[0,0],"50":[0,0],"51":[0,0],"52":[0,0],"53":[0,0],"54":[0,0],"55":[0,0],"56":[0,0],"57":[0,0],"58":[0,0],"59":[0,0]},"_coverageSchema":"332fd63041d2c1bcb487cc26dd0d5f7d97098a6c","hash":"ab38422594e5cfb81874ffa00eef751909e4d3f1"}
}
