TN:
SF:F:\WEB\cool\examples\assets\jsCool.js
FN:3,assert
FN:13,strSelect
FN:22,dictSort
FN:26,(anonymous_3)
FN:37,updateDict
FN:47,varType
FN:63,multiConcat
FN:66,(anonymous_7)
FN:85,createArr
FN:100,padeArr
FN:115,distribute
FN:136,Node
FN:151,LinList
FN:164,(anonymous_13)
FN:168,(anonymous_14)
FN:221,(anonymous_15)
FN:256,Tree
FN:269,(anonymous_17)
FN:288,(anonymous_18)
FN:313,(anonymous_19)
FN:329,env
FN:332,(anonymous_21)
FN:389,Matrix
FN:393,(anonymous_23)
FN:396,(anonymous_24)
FN:399,(anonymous_25)
FN:402,(anonymous_26)
FN:409,ArrayOP
FN:417,positionPass
FN:457,(anonymous_29)
FN:466,replacePass
FN:478,(anonymous_31)
FN:497,SortTrain
FN:501,(anonymous_33)
FN:517,(anonymous_34)
FN:521,(anonymous_35)
FN:532,(anonymous_36)
FN:565,(anonymous_37)
FN:569,dg
FNF:39
FNH:1
FNDA:0,assert
FNDA:0,strSelect
FNDA:0,dictSort
FNDA:0,(anonymous_3)
FNDA:0,updateDict
FNDA:1,varType
FNDA:0,multiConcat
FNDA:0,(anonymous_7)
FNDA:0,createArr
FNDA:0,padeArr
FNDA:0,distribute
FNDA:0,Node
FNDA:0,LinList
FNDA:0,(anonymous_13)
FNDA:0,(anonymous_14)
FNDA:0,(anonymous_15)
FNDA:0,Tree
FNDA:0,(anonymous_17)
FNDA:0,(anonymous_18)
FNDA:0,(anonymous_19)
FNDA:0,env
FNDA:0,(anonymous_21)
FNDA:0,Matrix
FNDA:0,(anonymous_23)
FNDA:0,(anonymous_24)
FNDA:0,(anonymous_25)
FNDA:0,(anonymous_26)
FNDA:0,ArrayOP
FNDA:0,positionPass
FNDA:0,(anonymous_29)
FNDA:0,replacePass
FNDA:0,(anonymous_31)
FNDA:0,SortTrain
FNDA:0,(anonymous_33)
FNDA:0,(anonymous_34)
FNDA:0,(anonymous_35)
FNDA:0,(anonymous_36)
FNDA:0,(anonymous_37)
FNDA:0,dg
DA:5,0
DA:6,0
DA:7,0
DA:9,0
DA:15,0
DA:16,0
DA:17,0
DA:18,0
DA:19,0
DA:24,0
DA:26,0
DA:27,0
DA:28,0
DA:29,0
DA:30,0
DA:32,0
DA:39,0
DA:40,0
DA:42,0
DA:43,0
DA:49,1
DA:50,1
DA:51,0
DA:52,0
DA:53,0
DA:54,0
DA:56,0
DA:59,1
DA:65,0
DA:66,0
DA:67,0
DA:68,0
DA:70,0
DA:73,0
DA:87,0
DA:88,0
DA:89,0
DA:90,0
DA:91,0
DA:92,0
DA:94,0
DA:97,0
DA:102,0
DA:103,0
DA:104,0
DA:106,0
DA:107,0
DA:109,0
DA:116,0
DA:117,0
DA:119,0
DA:120,0
DA:121,0
DA:125,0
DA:126,0
DA:127,0
DA:131,0
DA:141,0
DA:142,0
DA:144,0
DA:145,0
DA:147,0
DA:148,0
DA:156,0
DA:157,0
DA:158,0
DA:160,1
DA:166,0
DA:168,0
DA:169,0
DA:172,0
DA:181,0
DA:182,0
DA:184,0
DA:186,0
DA:189,0
DA:190,0
DA:192,0
DA:196,0
DA:198,0
DA:199,0
DA:202,0
DA:205,0
DA:207,0
DA:208,0
DA:211,0
DA:215,0
DA:217,0
DA:221,0
DA:222,0
DA:223,0
DA:229,0
DA:230,0
DA:231,0
DA:234,0
DA:235,0
DA:236,0
DA:237,0
DA:239,0
DA:240,0
DA:241,0
DA:242,0
DA:247,0
DA:251,0
DA:258,0
DA:260,1
DA:271,0
DA:274,0
DA:275,0
DA:277,0
DA:279,0
DA:280,0
DA:281,0
DA:283,0
DA:284,0
DA:288,0
DA:289,0
DA:290,0
DA:291,0
DA:297,0
DA:298,0
DA:301,0
DA:302,0
DA:303,0
DA:305,0
DA:307,0
DA:312,0
DA:313,0
DA:314,0
DA:317,0
DA:319,0
DA:320,0
DA:322,0
DA:325,0
DA:331,0
DA:333,0
DA:334,0
DA:335,0
DA:351,0
DA:356,0
DA:357,0
DA:358,0
DA:359,0
DA:361,0
DA:363,0
DA:365,0
DA:367,0
DA:369,0
DA:371,0
DA:373,0
DA:375,0
DA:377,0
DA:381,0
DA:383,0
DA:390,0
DA:392,1
DA:401,0
DA:402,0
DA:403,0
DA:405,0
DA:411,0
DA:412,0
DA:418,0
DA:419,0
DA:420,0
DA:421,0
DA:423,0
DA:425,0
DA:428,0
DA:429,0
DA:431,0
DA:432,0
DA:433,0
DA:434,0
DA:435,0
DA:438,0
DA:439,0
DA:441,0
DA:444,0
DA:445,0
DA:446,0
DA:447,0
DA:449,0
DA:450,0
DA:455,0
DA:456,0
DA:457,0
DA:458,0
DA:459,0
DA:462,0
DA:468,0
DA:469,0
DA:471,0
DA:472,0
DA:474,0
DA:476,0
DA:478,0
DA:479,0
DA:480,0
DA:481,0
DA:482,0
DA:483,0
DA:484,0
DA:485,0
DA:488,0
DA:492,0
DA:498,0
DA:501,0
DA:503,0
DA:505,0
DA:506,0
DA:507,0
DA:508,0
DA:509,0
DA:510,0
DA:514,0
DA:517,0
DA:518,0
DA:519,0
DA:521,0
DA:522,0
DA:523,0
DA:524,0
DA:528,0
DA:532,0
DA:533,0
DA:534,0
DA:535,0
DA:536,0
DA:538,0
DA:539,0
DA:540,0
DA:541,0
DA:542,0
DA:543,0
DA:547,0
DA:548,0
DA:549,0
DA:550,0
DA:551,0
DA:555,0
DA:556,0
DA:557,0
DA:558,0
DA:559,0
DA:562,0
DA:565,0
DA:566,0
DA:570,0
DA:571,0
DA:573,0
DA:574,0
DA:576,0
DA:577,0
DA:578,0
DA:579,0
DA:580,0
DA:582,0
DA:586,0
DA:587,0
DA:589,0
DA:590,0
DA:593,0
DA:594,0
DA:600,0
LF:265
LH:6
BRDA:3,0,0,0
BRDA:5,1,0,0
BRDA:5,1,1,0
BRDA:6,2,0,0
BRDA:6,2,1,0
BRDA:15,3,0,0
BRDA:15,3,1,0
BRDA:16,4,0,0
BRDA:16,4,1,0
BRDA:17,5,0,0
BRDA:17,5,1,0
BRDA:27,6,0,0
BRDA:27,6,1,0
BRDA:29,7,0,0
BRDA:29,7,1,0
BRDA:50,8,0,0
BRDA:50,8,1,1
BRDA:51,9,0,0
BRDA:51,9,1,0
BRDA:53,10,0,0
BRDA:53,10,1,0
BRDA:67,11,0,0
BRDA:67,11,1,0
BRDA:89,12,0,0
BRDA:89,12,1,0
BRDA:91,13,0,0
BRDA:91,13,1,0
BRDA:103,14,0,0
BRDA:103,14,1,0
BRDA:104,15,0,0
BRDA:104,15,1,0
BRDA:120,16,0,0
BRDA:120,16,1,0
BRDA:126,17,0,0
BRDA:126,17,1,0
BRDA:126,18,0,0
BRDA:126,18,1,0
BRDA:141,19,0,0
BRDA:141,19,1,0
BRDA:142,20,0,0
BRDA:142,20,1,0
BRDA:147,21,0,0
BRDA:147,21,1,0
BRDA:148,22,0,0
BRDA:148,22,1,0
BRDA:158,23,0,0
BRDA:158,23,1,0
BRDA:181,24,0,0
BRDA:181,24,1,0
BRDA:189,25,0,0
BRDA:189,25,1,0
BRDA:196,26,0,0
BRDA:196,26,1,0
BRDA:205,27,0,0
BRDA:205,27,1,0
BRDA:222,28,0,0
BRDA:222,28,1,0
BRDA:234,29,0,0
BRDA:234,29,1,0
BRDA:236,30,0,0
BRDA:236,30,1,0
BRDA:239,31,0,0
BRDA:239,31,1,0
BRDA:241,32,0,0
BRDA:241,32,1,0
BRDA:289,33,0,0
BRDA:289,33,1,0
BRDA:301,34,0,0
BRDA:301,34,1,0
BRDA:339,35,0,0
BRDA:339,35,1,0
BRDA:342,36,0,0
BRDA:342,36,1,0
BRDA:348,37,0,0
BRDA:348,37,1,0
BRDA:356,38,0,0
BRDA:356,38,1,0
BRDA:359,39,0,0
BRDA:359,39,1,0
BRDA:363,40,0,0
BRDA:363,40,1,0
BRDA:367,41,0,0
BRDA:367,41,1,0
BRDA:371,42,0,0
BRDA:371,42,1,0
BRDA:375,43,0,0
BRDA:375,43,1,0
BRDA:441,44,0,0
BRDA:441,44,1,0
BRDA:445,45,0,0
BRDA:445,45,1,0
BRDA:480,46,0,0
BRDA:480,46,1,0
BRDA:483,47,0,0
BRDA:483,47,1,0
BRDA:498,48,0,0
BRDA:498,48,1,0
BRDA:507,49,0,0
BRDA:507,49,1,0
BRDA:523,50,0,0
BRDA:523,50,1,0
BRDA:540,51,0,0
BRDA:540,51,1,0
BRDA:548,52,0,0
BRDA:548,52,1,0
BRDA:548,53,0,0
BRDA:548,53,1,0
BRDA:556,54,0,0
BRDA:556,54,1,0
BRDA:556,55,0,0
BRDA:556,55,1,0
BRDA:577,56,0,0
BRDA:577,56,1,0
BRDA:579,57,0,0
BRDA:579,57,1,0
BRDA:586,58,0,0
BRDA:586,58,1,0
BRDA:589,59,0,0
BRDA:589,59,1,0
BRF:119
BRH:1
end_of_record
