TN:
SF:F:\WEB\cool\examples\utils\jsCool.js
FN:3,assert
FN:13,strSelect
FN:22,dictSort
FN:26,(anonymous_3)
FN:37,varType
FN:53,multiConcat
FN:56,(anonymous_6)
FN:66,createArr
FN:81,padeArr
FN:96,distribute
FN:117,Node
FN:132,LinList
FN:145,(anonymous_12)
FN:149,(anonymous_13)
FN:202,(anonymous_14)
FN:237,Tree
FN:250,(anonymous_16)
FN:269,(anonymous_17)
FN:294,(anonymous_18)
FN:310,env
FN:313,(anonymous_20)
FN:370,Matrix
FN:374,(anonymous_22)
FN:377,(anonymous_23)
FN:380,(anonymous_24)
FN:383,(anonymous_25)
FN:390,ArrayOP
FN:397,positionPass
FN:437,(anonymous_28)
FN:445,replacePass
FN:457,(anonymous_30)
FN:482,Node
FN:510,(anonymous_32)
FN:528,(anonymous_33)
FN:548,CTree
FN:689,dragBind
FN:703,(anonymous_36)
FN:721,(anonymous_37)
FN:733,(anonymous_38)
FN:740,(anonymous_39)
FN:756,onScrollToBottom
FN:760,(anonymous_41)
FN:780,(anonymous_42)
FNF:43
FNH:1
FNDA:0,assert
FNDA:0,strSelect
FNDA:0,dictSort
FNDA:0,(anonymous_3)
FNDA:1,varType
FNDA:0,multiConcat
FNDA:0,(anonymous_6)
FNDA:0,createArr
FNDA:0,padeArr
FNDA:0,distribute
FNDA:0,Node
FNDA:0,LinList
FNDA:0,(anonymous_12)
FNDA:0,(anonymous_13)
FNDA:0,(anonymous_14)
FNDA:0,Tree
FNDA:0,(anonymous_16)
FNDA:0,(anonymous_17)
FNDA:0,(anonymous_18)
FNDA:0,env
FNDA:0,(anonymous_20)
FNDA:0,Matrix
FNDA:0,(anonymous_22)
FNDA:0,(anonymous_23)
FNDA:0,(anonymous_24)
FNDA:0,(anonymous_25)
FNDA:0,ArrayOP
FNDA:0,positionPass
FNDA:0,(anonymous_28)
FNDA:0,replacePass
FNDA:0,(anonymous_30)
FNDA:0,Node
FNDA:0,(anonymous_32)
FNDA:0,(anonymous_33)
FNDA:0,CTree
FNDA:0,dragBind
FNDA:0,(anonymous_36)
FNDA:0,(anonymous_37)
FNDA:0,(anonymous_38)
FNDA:0,(anonymous_39)
FNDA:0,onScrollToBottom
FNDA:0,(anonymous_41)
FNDA:0,(anonymous_42)
DA:5,0
DA:6,0
DA:7,0
DA:9,0
DA:15,0
DA:16,0
DA:17,0
DA:18,0
DA:19,0
DA:24,0
DA:26,0
DA:27,0
DA:28,0
DA:29,0
DA:30,0
DA:32,0
DA:39,1
DA:40,1
DA:41,0
DA:42,0
DA:43,0
DA:44,0
DA:46,0
DA:49,1
DA:55,0
DA:56,0
DA:57,0
DA:58,0
DA:60,0
DA:63,0
DA:68,0
DA:69,0
DA:70,0
DA:71,0
DA:72,0
DA:73,0
DA:75,0
DA:78,0
DA:83,0
DA:84,0
DA:85,0
DA:87,0
DA:88,0
DA:90,0
DA:97,0
DA:98,0
DA:100,0
DA:101,0
DA:102,0
DA:106,0
DA:107,0
DA:108,0
DA:112,0
DA:122,0
DA:123,0
DA:125,0
DA:126,0
DA:128,0
DA:129,0
DA:137,0
DA:138,0
DA:139,0
DA:141,1
DA:147,0
DA:149,0
DA:150,0
DA:153,0
DA:162,0
DA:163,0
DA:165,0
DA:167,0
DA:170,0
DA:171,0
DA:173,0
DA:177,0
DA:179,0
DA:180,0
DA:183,0
DA:186,0
DA:188,0
DA:189,0
DA:192,0
DA:196,0
DA:198,0
DA:202,0
DA:203,0
DA:204,0
DA:210,0
DA:211,0
DA:212,0
DA:215,0
DA:216,0
DA:217,0
DA:218,0
DA:220,0
DA:221,0
DA:222,0
DA:223,0
DA:228,0
DA:232,0
DA:239,0
DA:241,1
DA:252,0
DA:255,0
DA:256,0
DA:258,0
DA:260,0
DA:261,0
DA:262,0
DA:264,0
DA:265,0
DA:269,0
DA:270,0
DA:271,0
DA:272,0
DA:278,0
DA:279,0
DA:282,0
DA:283,0
DA:284,0
DA:286,0
DA:288,0
DA:293,0
DA:294,0
DA:295,0
DA:298,0
DA:300,0
DA:301,0
DA:303,0
DA:306,0
DA:312,0
DA:314,0
DA:315,0
DA:316,0
DA:333,0
DA:338,0
DA:340,0
DA:341,0
DA:342,0
DA:344,0
DA:346,0
DA:348,0
DA:350,0
DA:352,0
DA:354,0
DA:356,0
DA:358,0
DA:360,0
DA:364,0
DA:366,0
DA:371,0
DA:373,1
DA:382,0
DA:383,0
DA:384,0
DA:386,0
DA:392,0
DA:393,0
DA:398,0
DA:399,0
DA:400,0
DA:401,0
DA:403,0
DA:405,0
DA:408,0
DA:409,0
DA:411,0
DA:412,0
DA:413,0
DA:414,0
DA:415,0
DA:418,0
DA:419,0
DA:421,0
DA:424,0
DA:425,0
DA:426,0
DA:427,0
DA:429,0
DA:430,0
DA:435,0
DA:436,0
DA:437,0
DA:438,0
DA:439,0
DA:442,0
DA:447,0
DA:448,0
DA:450,0
DA:451,0
DA:453,0
DA:455,0
DA:457,0
DA:458,0
DA:459,0
DA:460,0
DA:461,0
DA:462,0
DA:463,0
DA:464,0
DA:467,0
DA:471,0
DA:483,0
DA:494,0
DA:496,0
DA:502,1
DA:511,0
DA:513,0
DA:514,0
DA:515,0
DA:517,0
DA:521,0
DA:522,0
DA:524,0
DA:525,0
DA:529,0
DA:531,0
DA:532,0
DA:534,0
DA:535,0
DA:536,0
DA:540,0
DA:542,0
DA:552,0
DA:553,0
DA:561,0
DA:563,0
DA:565,0
DA:566,0
DA:567,0
DA:569,0
DA:572,1
DA:575,0
DA:577,0
DA:578,0
DA:579,0
DA:580,0
DA:582,0
DA:584,0
DA:585,0
DA:587,0
DA:588,0
DA:590,0
DA:591,0
DA:596,0
DA:597,0
DA:598,0
DA:599,0
DA:601,0
DA:609,0
DA:610,0
DA:616,0
DA:617,0
DA:618,0
DA:620,0
DA:621,0
DA:623,0
DA:626,0
DA:628,0
DA:629,0
DA:633,0
DA:634,0
DA:635,0
DA:639,0
DA:640,0
DA:641,0
DA:642,0
DA:644,0
DA:645,0
DA:648,0
DA:649,0
DA:650,0
DA:654,0
DA:657,0
DA:658,0
DA:659,0
DA:661,0
DA:663,0
DA:666,0
DA:667,0
DA:669,0
DA:671,0
DA:692,0
DA:693,0
DA:700,0
DA:703,0
DA:704,0
DA:705,0
DA:706,0
DA:710,0
DA:711,0
DA:714,0
DA:715,0
DA:717,0
DA:721,0
DA:722,0
DA:724,0
DA:725,0
DA:727,0
DA:728,0
DA:730,0
DA:733,0
DA:734,0
DA:735,0
DA:736,0
DA:737,0
DA:740,0
DA:741,0
DA:743,0
DA:744,0
DA:745,0
DA:747,0
DA:758,0
DA:760,0
DA:762,0
DA:764,0
DA:766,0
DA:768,0
DA:770,0
DA:771,0
DA:773,0
DA:774,0
DA:776,0
DA:780,0
DA:781,0
LF:325
LH:8
BRDA:3,0,0,0
BRDA:5,1,0,0
BRDA:5,1,1,0
BRDA:6,2,0,0
BRDA:6,2,1,0
BRDA:15,3,0,0
BRDA:15,3,1,0
BRDA:16,4,0,0
BRDA:16,4,1,0
BRDA:17,5,0,0
BRDA:17,5,1,0
BRDA:27,6,0,0
BRDA:27,6,1,0
BRDA:29,7,0,0
BRDA:29,7,1,0
BRDA:40,8,0,0
BRDA:40,8,1,1
BRDA:41,9,0,0
BRDA:41,9,1,0
BRDA:43,10,0,0
BRDA:43,10,1,0
BRDA:57,11,0,0
BRDA:57,11,1,0
BRDA:70,12,0,0
BRDA:70,12,1,0
BRDA:72,13,0,0
BRDA:72,13,1,0
BRDA:84,14,0,0
BRDA:84,14,1,0
BRDA:85,15,0,0
BRDA:85,15,1,0
BRDA:101,16,0,0
BRDA:101,16,1,0
BRDA:107,17,0,0
BRDA:107,17,1,0
BRDA:107,18,0,0
BRDA:107,18,1,0
BRDA:122,19,0,0
BRDA:122,19,1,0
BRDA:123,20,0,0
BRDA:123,20,1,0
BRDA:128,21,0,0
BRDA:128,21,1,0
BRDA:129,22,0,0
BRDA:129,22,1,0
BRDA:139,23,0,0
BRDA:139,23,1,0
BRDA:162,24,0,0
BRDA:162,24,1,0
BRDA:170,25,0,0
BRDA:170,25,1,0
BRDA:177,26,0,0
BRDA:177,26,1,0
BRDA:186,27,0,0
BRDA:186,27,1,0
BRDA:203,28,0,0
BRDA:203,28,1,0
BRDA:215,29,0,0
BRDA:215,29,1,0
BRDA:217,30,0,0
BRDA:217,30,1,0
BRDA:220,31,0,0
BRDA:220,31,1,0
BRDA:222,32,0,0
BRDA:222,32,1,0
BRDA:270,33,0,0
BRDA:270,33,1,0
BRDA:282,34,0,0
BRDA:282,34,1,0
BRDA:321,35,0,0
BRDA:321,35,1,0
BRDA:324,36,0,0
BRDA:324,36,1,0
BRDA:330,37,0,0
BRDA:330,37,1,0
BRDA:338,38,0,0
BRDA:338,38,1,0
BRDA:342,39,0,0
BRDA:342,39,1,0
BRDA:346,40,0,0
BRDA:346,40,1,0
BRDA:350,41,0,0
BRDA:350,41,1,0
BRDA:354,42,0,0
BRDA:354,42,1,0
BRDA:358,43,0,0
BRDA:358,43,1,0
BRDA:421,44,0,0
BRDA:421,44,1,0
BRDA:425,45,0,0
BRDA:425,45,1,0
BRDA:459,46,0,0
BRDA:459,46,1,0
BRDA:462,47,0,0
BRDA:462,47,1,0
BRDA:511,48,0,0
BRDA:511,48,1,0
BRDA:522,49,0,0
BRDA:522,49,1,0
BRDA:531,50,0,0
BRDA:531,50,1,0
BRDA:532,51,0,0
BRDA:532,51,1,0
BRDA:552,52,0,0
BRDA:552,52,1,0
BRDA:575,53,0,0
BRDA:575,53,1,0
BRDA:577,54,0,0
BRDA:577,54,1,0
BRDA:578,55,0,0
BRDA:578,55,1,0
BRDA:582,56,0,0
BRDA:582,56,1,0
BRDA:582,56,2,0
BRDA:599,57,0,0
BRDA:599,57,1,0
BRDA:609,58,0,0
BRDA:609,58,1,0
BRDA:616,59,0,0
BRDA:616,59,1,0
BRDA:626,60,0,0
BRDA:626,60,1,0
BRDA:644,61,0,0
BRDA:644,61,1,0
BRDA:661,62,0,0
BRDA:661,62,1,0
BRDA:706,63,0,0
BRDA:706,63,1,0
BRDA:722,64,0,0
BRDA:722,64,1,0
BRDA:724,65,0,0
BRDA:724,65,1,0
BRDA:725,66,0,0
BRDA:725,66,1,0
BRDA:734,67,0,0
BRDA:734,67,1,0
BRDA:741,68,0,0
BRDA:741,68,1,0
BRDA:743,69,0,0
BRDA:743,69,1,0
BRDA:768,70,0,0
BRDA:768,70,1,0
BRDA:768,71,0,0
BRDA:768,71,1,0
BRDA:770,72,0,0
BRDA:770,72,1,0
BRF:146
BRH:1
end_of_record
TN:
SF:F:\WEB\cool\examples\utils\validate.js
FN:6,validURL
FN:15,validLowerCase
FN:24,validUpperCase
FN:33,validEmail
FN:43,validPhone
FNF:5
FNH:3
FNDA:1,validURL
FNDA:0,validLowerCase
FNDA:0,validUpperCase
FNDA:1,validEmail
FNDA:2,validPhone
DA:7,1
DA:8,1
DA:16,0
DA:17,0
DA:25,0
DA:26,0
DA:34,1
DA:35,1
DA:44,2
DA:45,2
LF:10
LH:6
BRF:0
BRH:0
end_of_record
